<?xml version="1.0" encoding="UTF-8"?>
<testsuite xmlns:xsi="http://www.w3.org/2001/XMLSchema-instance" xsi:noNamespaceSchemaLocation="https://maven.apache.org/surefire/maven-surefire-plugin/xsd/surefire-test-report-3.0.xsd" version="3.0" name="com.example.order.service.RedisUnitTest" time="1.058" tests="3" errors="0" skipped="0" failures="0">
  <properties>
    <property name="java.specification.version" value="21"/>
    <property name="sun.jnu.encoding" value="UTF-8"/>
    <property name="java.class.path" value="/Users/aironman/git/distributed-order-system/order-service/target/test-classes:/Users/aironman/git/distributed-order-system/order-service/target/classes:/Users/aironman/.m2/repository/org/springframework/boot/spring-boot-starter-webflux/3.4.4/spring-boot-starter-webflux-3.4.4.jar:/Users/aironman/.m2/repository/org/springframework/boot/spring-boot-starter/3.4.4/spring-boot-starter-3.4.4.jar:/Users/aironman/.m2/repository/org/springframework/boot/spring-boot/3.4.4/spring-boot-3.4.4.jar:/Users/aironman/.m2/repository/org/springframework/boot/spring-boot-autoconfigure/3.4.4/spring-boot-autoconfigure-3.4.4.jar:/Users/aironman/.m2/repository/org/springframework/boot/spring-boot-starter-logging/3.4.4/spring-boot-starter-logging-3.4.4.jar:/Users/aironman/.m2/repository/org/apache/logging/log4j/log4j-to-slf4j/2.24.3/log4j-to-slf4j-2.24.3.jar:/Users/aironman/.m2/repository/org/apache/logging/log4j/log4j-api/2.24.3/log4j-api-2.24.3.jar:/Users/aironman/.m2/repository/org/slf4j/jul-to-slf4j/2.0.17/jul-to-slf4j-2.0.17.jar:/Users/aironman/.m2/repository/jakarta/annotation/jakarta.annotation-api/2.1.1/jakarta.annotation-api-2.1.1.jar:/Users/aironman/.m2/repository/org/yaml/snakeyaml/2.3/snakeyaml-2.3.jar:/Users/aironman/.m2/repository/org/springframework/boot/spring-boot-starter-json/3.4.4/spring-boot-starter-json-3.4.4.jar:/Users/aironman/.m2/repository/com/fasterxml/jackson/core/jackson-databind/2.18.3/jackson-databind-2.18.3.jar:/Users/aironman/.m2/repository/com/fasterxml/jackson/core/jackson-core/2.18.3/jackson-core-2.18.3.jar:/Users/aironman/.m2/repository/com/fasterxml/jackson/datatype/jackson-datatype-jdk8/2.18.3/jackson-datatype-jdk8-2.18.3.jar:/Users/aironman/.m2/repository/com/fasterxml/jackson/datatype/jackson-datatype-jsr310/2.18.3/jackson-datatype-jsr310-2.18.3.jar:/Users/aironman/.m2/repository/com/fasterxml/jackson/module/jackson-module-parameter-names/2.18.3/jackson-module-parameter-names-2.18.3.jar:/Users/aironman/.m2/repository/org/springframework/boot/spring-boot-starter-reactor-netty/3.4.4/spring-boot-starter-reactor-netty-3.4.4.jar:/Users/aironman/.m2/repository/io/projectreactor/netty/reactor-netty-http/1.2.4/reactor-netty-http-1.2.4.jar:/Users/aironman/.m2/repository/io/netty/netty-codec-http/4.1.119.Final/netty-codec-http-4.1.119.Final.jar:/Users/aironman/.m2/repository/io/netty/netty-codec-http2/4.1.119.Final/netty-codec-http2-4.1.119.Final.jar:/Users/aironman/.m2/repository/org/springframework/spring-web/6.2.5/spring-web-6.2.5.jar:/Users/aironman/.m2/repository/org/springframework/spring-beans/6.2.5/spring-beans-6.2.5.jar:/Users/aironman/.m2/repository/org/springframework/spring-webflux/6.2.5/spring-webflux-6.2.5.jar:/Users/aironman/.m2/repository/org/springframework/boot/spring-boot-starter-data-r2dbc/3.4.4/spring-boot-starter-data-r2dbc-3.4.4.jar:/Users/aironman/.m2/repository/org/springframework/data/spring-data-r2dbc/3.4.4/spring-data-r2dbc-3.4.4.jar:/Users/aironman/.m2/repository/org/springframework/data/spring-data-relational/3.4.4/spring-data-relational-3.4.4.jar:/Users/aironman/.m2/repository/org/springframework/data/spring-data-commons/3.4.4/spring-data-commons-3.4.4.jar:/Users/aironman/.m2/repository/org/springframework/spring-tx/6.2.5/spring-tx-6.2.5.jar:/Users/aironman/.m2/repository/org/springframework/spring-context/6.2.5/spring-context-6.2.5.jar:/Users/aironman/.m2/repository/org/springframework/spring-expression/6.2.5/spring-expression-6.2.5.jar:/Users/aironman/.m2/repository/org/springframework/spring-jdbc/6.2.5/spring-jdbc-6.2.5.jar:/Users/aironman/.m2/repository/org/springframework/spring-r2dbc/6.2.5/spring-r2dbc-6.2.5.jar:/Users/aironman/.m2/repository/io/r2dbc/r2dbc-spi/1.0.0.RELEASE/r2dbc-spi-1.0.0.RELEASE.jar:/Users/aironman/.m2/repository/io/r2dbc/r2dbc-pool/1.0.2.RELEASE/r2dbc-pool-1.0.2.RELEASE.jar:/Users/aironman/.m2/repository/io/projectreactor/addons/reactor-pool/1.1.2/reactor-pool-1.1.2.jar:/Users/aironman/.m2/repository/org/springframework/boot/spring-boot-starter-data-redis-reactive/3.4.4/spring-boot-starter-data-redis-reactive-3.4.4.jar:/Users/aironman/.m2/repository/io/lettuce/lettuce-core/6.4.2.RELEASE/lettuce-core-6.4.2.RELEASE.jar:/Users/aironman/.m2/repository/io/netty/netty-common/4.1.119.Final/netty-common-4.1.119.Final.jar:/Users/aironman/.m2/repository/io/netty/netty-handler/4.1.119.Final/netty-handler-4.1.119.Final.jar:/Users/aironman/.m2/repository/io/netty/netty-resolver/4.1.119.Final/netty-resolver-4.1.119.Final.jar:/Users/aironman/.m2/repository/io/netty/netty-buffer/4.1.119.Final/netty-buffer-4.1.119.Final.jar:/Users/aironman/.m2/repository/io/netty/netty-transport-native-unix-common/4.1.119.Final/netty-transport-native-unix-common-4.1.119.Final.jar:/Users/aironman/.m2/repository/io/netty/netty-codec/4.1.119.Final/netty-codec-4.1.119.Final.jar:/Users/aironman/.m2/repository/io/netty/netty-transport/4.1.119.Final/netty-transport-4.1.119.Final.jar:/Users/aironman/.m2/repository/org/springframework/data/spring-data-redis/3.4.4/spring-data-redis-3.4.4.jar:/Users/aironman/.m2/repository/org/springframework/data/spring-data-keyvalue/3.4.4/spring-data-keyvalue-3.4.4.jar:/Users/aironman/.m2/repository/org/springframework/spring-oxm/6.2.5/spring-oxm-6.2.5.jar:/Users/aironman/.m2/repository/org/springframework/spring-aop/6.2.5/spring-aop-6.2.5.jar:/Users/aironman/.m2/repository/org/springframework/spring-context-support/6.2.5/spring-context-support-6.2.5.jar:/Users/aironman/.m2/repository/org/springframework/boot/spring-boot-starter-actuator/3.4.4/spring-boot-starter-actuator-3.4.4.jar:/Users/aironman/.m2/repository/org/springframework/boot/spring-boot-actuator-autoconfigure/3.4.4/spring-boot-actuator-autoconfigure-3.4.4.jar:/Users/aironman/.m2/repository/org/springframework/boot/spring-boot-actuator/3.4.4/spring-boot-actuator-3.4.4.jar:/Users/aironman/.m2/repository/io/micrometer/micrometer-observation/1.14.5/micrometer-observation-1.14.5.jar:/Users/aironman/.m2/repository/io/micrometer/micrometer-commons/1.14.5/micrometer-commons-1.14.5.jar:/Users/aironman/.m2/repository/io/micrometer/micrometer-jakarta9/1.14.5/micrometer-jakarta9-1.14.5.jar:/Users/aironman/.m2/repository/io/asyncer/r2dbc-mysql/1.4.1/r2dbc-mysql-1.4.1.jar:/Users/aironman/.m2/repository/io/projectreactor/netty/reactor-netty-core/1.2.4/reactor-netty-core-1.2.4.jar:/Users/aironman/.m2/repository/io/netty/netty-handler-proxy/4.1.119.Final/netty-handler-proxy-4.1.119.Final.jar:/Users/aironman/.m2/repository/io/netty/netty-codec-socks/4.1.119.Final/netty-codec-socks-4.1.119.Final.jar:/Users/aironman/.m2/repository/io/netty/netty-resolver-dns/4.1.119.Final/netty-resolver-dns-4.1.119.Final.jar:/Users/aironman/.m2/repository/io/netty/netty-codec-dns/4.1.119.Final/netty-codec-dns-4.1.119.Final.jar:/Users/aironman/.m2/repository/io/netty/netty-resolver-dns-native-macos/4.1.119.Final/netty-resolver-dns-native-macos-4.1.119.Final-osx-x86_64.jar:/Users/aironman/.m2/repository/io/netty/netty-resolver-dns-classes-macos/4.1.119.Final/netty-resolver-dns-classes-macos-4.1.119.Final.jar:/Users/aironman/.m2/repository/io/netty/netty-transport-native-epoll/4.1.119.Final/netty-transport-native-epoll-4.1.119.Final-linux-x86_64.jar:/Users/aironman/.m2/repository/io/netty/netty-transport-classes-epoll/4.1.119.Final/netty-transport-classes-epoll-4.1.119.Final.jar:/Users/aironman/.m2/repository/com/mysql/mysql-connector-j/9.1.0/mysql-connector-j-9.1.0.jar:/Users/aironman/.m2/repository/org/codehaus/janino/janino/3.1.12/janino-3.1.12.jar:/Users/aironman/.m2/repository/org/codehaus/janino/commons-compiler/3.1.12/commons-compiler-3.1.12.jar:/Users/aironman/.m2/repository/io/github/resilience4j/resilience4j-spring-boot3/2.3.0/resilience4j-spring-boot3-2.3.0.jar:/Users/aironman/.m2/repository/io/github/resilience4j/resilience4j-spring6/2.3.0/resilience4j-spring6-2.3.0.jar:/Users/aironman/.m2/repository/io/github/resilience4j/resilience4j-annotations/2.3.0/resilience4j-annotations-2.3.0.jar:/Users/aironman/.m2/repository/io/github/resilience4j/resilience4j-consumer/2.3.0/resilience4j-consumer-2.3.0.jar:/Users/aironman/.m2/repository/io/github/resilience4j/resilience4j-circularbuffer/2.3.0/resilience4j-circularbuffer-2.3.0.jar:/Users/aironman/.m2/repository/io/github/resilience4j/resilience4j-framework-common/2.3.0/resilience4j-framework-common-2.3.0.jar:/Users/aironman/.m2/repository/io/github/resilience4j/resilience4j-micrometer/2.3.0/resilience4j-micrometer-2.3.0.jar:/Users/aironman/.m2/repository/io/github/resilience4j/resilience4j-circuitbreaker/2.3.0/resilience4j-circuitbreaker-2.3.0.jar:/Users/aironman/.m2/repository/io/github/resilience4j/resilience4j-core/2.3.0/resilience4j-core-2.3.0.jar:/Users/aironman/.m2/repository/org/jetbrains/kotlin/kotlin-stdlib-jdk8/1.9.25/kotlin-stdlib-jdk8-1.9.25.jar:/Users/aironman/.m2/repository/org/jetbrains/kotlin/kotlin-stdlib/1.9.25/kotlin-stdlib-1.9.25.jar:/Users/aironman/.m2/repository/org/jetbrains/kotlin/kotlin-stdlib-jdk7/1.9.25/kotlin-stdlib-jdk7-1.9.25.jar:/Users/aironman/.m2/repository/io/github/resilience4j/resilience4j-reactor/2.3.0/resilience4j-reactor-2.3.0.jar:/Users/aironman/.m2/repository/io/github/resilience4j/resilience4j-ratelimiter/2.3.0/resilience4j-ratelimiter-2.3.0.jar:/Users/aironman/.m2/repository/io/github/resilience4j/resilience4j-timelimiter/2.3.0/resilience4j-timelimiter-2.3.0.jar:/Users/aironman/.m2/repository/io/github/resilience4j/resilience4j-bulkhead/2.3.0/resilience4j-bulkhead-2.3.0.jar:/Users/aironman/.m2/repository/io/github/resilience4j/resilience4j-retry/2.3.0/resilience4j-retry-2.3.0.jar:/Users/aironman/.m2/repository/io/projectreactor/reactor-core/3.6.10/reactor-core-3.6.10.jar:/Users/aironman/.m2/repository/org/reactivestreams/reactive-streams/1.0.4/reactive-streams-1.0.4.jar:/Users/aironman/.m2/repository/io/micrometer/micrometer-registry-prometheus/1.12.4/micrometer-registry-prometheus-1.12.4.jar:/Users/aironman/.m2/repository/io/micrometer/micrometer-core/1.14.5/micrometer-core-1.14.5.jar:/Users/aironman/.m2/repository/org/hdrhistogram/HdrHistogram/2.2.2/HdrHistogram-2.2.2.jar:/Users/aironman/.m2/repository/org/latencyutils/LatencyUtils/2.0.3/LatencyUtils-2.0.3.jar:/Users/aironman/.m2/repository/io/prometheus/simpleclient_common/0.16.0/simpleclient_common-0.16.0.jar:/Users/aironman/.m2/repository/io/prometheus/simpleclient/0.16.0/simpleclient-0.16.0.jar:/Users/aironman/.m2/repository/io/prometheus/simpleclient_tracer_otel/0.16.0/simpleclient_tracer_otel-0.16.0.jar:/Users/aironman/.m2/repository/io/prometheus/simpleclient_tracer_common/0.16.0/simpleclient_tracer_common-0.16.0.jar:/Users/aironman/.m2/repository/io/prometheus/simpleclient_tracer_otel_agent/0.16.0/simpleclient_tracer_otel_agent-0.16.0.jar:/Users/aironman/.m2/repository/org/slf4j/slf4j-api/2.0.17/slf4j-api-2.0.17.jar:/Users/aironman/.m2/repository/ch/qos/logback/logback-classic/1.5.13/logback-classic-1.5.13.jar:/Users/aironman/.m2/repository/ch/qos/logback/logback-core/1.5.13/logback-core-1.5.13.jar:/Users/aironman/.m2/repository/org/projectlombok/lombok/1.18.34/lombok-1.18.34.jar:/Users/aironman/.m2/repository/org/springframework/boot/spring-boot-starter-test/3.4.4/spring-boot-starter-test-3.4.4.jar:/Users/aironman/.m2/repository/org/springframework/boot/spring-boot-test/3.4.4/spring-boot-test-3.4.4.jar:/Users/aironman/.m2/repository/org/springframework/boot/spring-boot-test-autoconfigure/3.4.4/spring-boot-test-autoconfigure-3.4.4.jar:/Users/aironman/.m2/repository/com/jayway/jsonpath/json-path/2.9.0/json-path-2.9.0.jar:/Users/aironman/.m2/repository/jakarta/xml/bind/jakarta.xml.bind-api/4.0.2/jakarta.xml.bind-api-4.0.2.jar:/Users/aironman/.m2/repository/jakarta/activation/jakarta.activation-api/2.1.3/jakarta.activation-api-2.1.3.jar:/Users/aironman/.m2/repository/net/minidev/json-smart/2.5.2/json-smart-2.5.2.jar:/Users/aironman/.m2/repository/net/minidev/accessors-smart/2.5.2/accessors-smart-2.5.2.jar:/Users/aironman/.m2/repository/org/ow2/asm/asm/9.7.1/asm-9.7.1.jar:/Users/aironman/.m2/repository/org/assertj/assertj-core/3.26.3/assertj-core-3.26.3.jar:/Users/aironman/.m2/repository/org/awaitility/awaitility/4.2.2/awaitility-4.2.2.jar:/Users/aironman/.m2/repository/org/hamcrest/hamcrest/2.2/hamcrest-2.2.jar:/Users/aironman/.m2/repository/org/junit/jupiter/junit-jupiter/5.11.4/junit-jupiter-5.11.4.jar:/Users/aironman/.m2/repository/org/junit/jupiter/junit-jupiter-params/5.11.4/junit-jupiter-params-5.11.4.jar:/Users/aironman/.m2/repository/org/junit/jupiter/junit-jupiter-engine/5.11.4/junit-jupiter-engine-5.11.4.jar:/Users/aironman/.m2/repository/org/junit/platform/junit-platform-engine/1.11.4/junit-platform-engine-1.11.4.jar:/Users/aironman/.m2/repository/org/skyscreamer/jsonassert/1.5.3/jsonassert-1.5.3.jar:/Users/aironman/.m2/repository/com/vaadin/external/google/android-json/0.0.20131108.vaadin1/android-json-0.0.20131108.vaadin1.jar:/Users/aironman/.m2/repository/org/springframework/spring-core/6.2.5/spring-core-6.2.5.jar:/Users/aironman/.m2/repository/org/springframework/spring-jcl/6.2.5/spring-jcl-6.2.5.jar:/Users/aironman/.m2/repository/org/springframework/spring-test/6.2.5/spring-test-6.2.5.jar:/Users/aironman/.m2/repository/org/xmlunit/xmlunit-core/2.10.0/xmlunit-core-2.10.0.jar:/Users/aironman/.m2/repository/io/projectreactor/reactor-test/3.6.10/reactor-test-3.6.10.jar:/Users/aironman/.m2/repository/org/testcontainers/testcontainers/1.21.0/testcontainers-1.21.0.jar:/Users/aironman/.m2/repository/junit/junit/4.13.2/junit-4.13.2.jar:/Users/aironman/.m2/repository/org/hamcrest/hamcrest-core/2.2/hamcrest-core-2.2.jar:/Users/aironman/.m2/repository/org/apache/commons/commons-compress/1.24.0/commons-compress-1.24.0.jar:/Users/aironman/.m2/repository/org/rnorth/duct-tape/duct-tape/1.0.8/duct-tape-1.0.8.jar:/Users/aironman/.m2/repository/org/jetbrains/annotations/17.0.0/annotations-17.0.0.jar:/Users/aironman/.m2/repository/com/github/docker-java/docker-java-api/3.4.2/docker-java-api-3.4.2.jar:/Users/aironman/.m2/repository/com/fasterxml/jackson/core/jackson-annotations/2.18.3/jackson-annotations-2.18.3.jar:/Users/aironman/.m2/repository/com/github/docker-java/docker-java-transport-zerodep/3.4.2/docker-java-transport-zerodep-3.4.2.jar:/Users/aironman/.m2/repository/com/github/docker-java/docker-java-transport/3.4.2/docker-java-transport-3.4.2.jar:/Users/aironman/.m2/repository/net/java/dev/jna/jna/5.13.0/jna-5.13.0.jar:/Users/aironman/.m2/repository/org/testcontainers/mysql/1.20.1/mysql-1.20.1.jar:/Users/aironman/.m2/repository/org/testcontainers/jdbc/1.20.6/jdbc-1.20.6.jar:/Users/aironman/.m2/repository/org/testcontainers/database-commons/1.20.6/database-commons-1.20.6.jar:/Users/aironman/.m2/repository/org/testcontainers/junit-jupiter/1.20.1/junit-jupiter-1.20.1.jar:/Users/aironman/.m2/repository/org/mockito/mockito-core/5.14.1/mockito-core-5.14.1.jar:/Users/aironman/.m2/repository/net/bytebuddy/byte-buddy/1.15.11/byte-buddy-1.15.11.jar:/Users/aironman/.m2/repository/net/bytebuddy/byte-buddy-agent/1.15.11/byte-buddy-agent-1.15.11.jar:/Users/aironman/.m2/repository/org/objenesis/objenesis/3.3/objenesis-3.3.jar:/Users/aironman/.m2/repository/org/mockito/mockito-junit-jupiter/5.14.1/mockito-junit-jupiter-5.14.1.jar:/Users/aironman/.m2/repository/org/junit/jupiter/junit-jupiter-api/5.11.4/junit-jupiter-api-5.11.4.jar:/Users/aironman/.m2/repository/org/opentest4j/opentest4j/1.3.0/opentest4j-1.3.0.jar:/Users/aironman/.m2/repository/org/junit/platform/junit-platform-commons/1.11.4/junit-platform-commons-1.11.4.jar:/Users/aironman/.m2/repository/org/apiguardian/apiguardian-api/1.1.2/apiguardian-api-1.1.2.jar:"/>
    <property name="java.vm.vendor" value="Eclipse Adoptium"/>
    <property name="sun.arch.data.model" value="64"/>
    <property name="java.vendor.url" value="https://adoptium.net/"/>
    <property name="user.timezone" value="Europe/Madrid"/>
    <property name="os.name" value="Mac OS X"/>
    <property name="java.vm.specification.version" value="21"/>
    <property name="sun.java.launcher" value="SUN_STANDARD"/>
    <property name="user.country" value="ES"/>
    <property name="sun.boot.library.path" value="/Users/aironman/.sdkman/candidates/java/21.0.6-tem/lib"/>
    <property name="sun.java.command" value="/Users/aironman/git/distributed-order-system/order-service/target/surefire/surefirebooter-20250429145153490_3.jar /Users/aironman/git/distributed-order-system/order-service/target/surefire 2025-04-29T14-51-53_403-jvmRun1 surefire-20250429145153490_1tmp surefire_0-20250429145153490_2tmp"/>
    <property name="http.nonProxyHosts" value="local|*.local|169.254/16|*.169.254/16"/>
    <property name="jdk.debug" value="release"/>
    <property name="surefire.test.class.path" value="/Users/aironman/git/distributed-order-system/order-service/target/test-classes:/Users/aironman/git/distributed-order-system/order-service/target/classes:/Users/aironman/.m2/repository/org/springframework/boot/spring-boot-starter-webflux/3.4.4/spring-boot-starter-webflux-3.4.4.jar:/Users/aironman/.m2/repository/org/springframework/boot/spring-boot-starter/3.4.4/spring-boot-starter-3.4.4.jar:/Users/aironman/.m2/repository/org/springframework/boot/spring-boot/3.4.4/spring-boot-3.4.4.jar:/Users/aironman/.m2/repository/org/springframework/boot/spring-boot-autoconfigure/3.4.4/spring-boot-autoconfigure-3.4.4.jar:/Users/aironman/.m2/repository/org/springframework/boot/spring-boot-starter-logging/3.4.4/spring-boot-starter-logging-3.4.4.jar:/Users/aironman/.m2/repository/org/apache/logging/log4j/log4j-to-slf4j/2.24.3/log4j-to-slf4j-2.24.3.jar:/Users/aironman/.m2/repository/org/apache/logging/log4j/log4j-api/2.24.3/log4j-api-2.24.3.jar:/Users/aironman/.m2/repository/org/slf4j/jul-to-slf4j/2.0.17/jul-to-slf4j-2.0.17.jar:/Users/aironman/.m2/repository/jakarta/annotation/jakarta.annotation-api/2.1.1/jakarta.annotation-api-2.1.1.jar:/Users/aironman/.m2/repository/org/yaml/snakeyaml/2.3/snakeyaml-2.3.jar:/Users/aironman/.m2/repository/org/springframework/boot/spring-boot-starter-json/3.4.4/spring-boot-starter-json-3.4.4.jar:/Users/aironman/.m2/repository/com/fasterxml/jackson/core/jackson-databind/2.18.3/jackson-databind-2.18.3.jar:/Users/aironman/.m2/repository/com/fasterxml/jackson/core/jackson-core/2.18.3/jackson-core-2.18.3.jar:/Users/aironman/.m2/repository/com/fasterxml/jackson/datatype/jackson-datatype-jdk8/2.18.3/jackson-datatype-jdk8-2.18.3.jar:/Users/aironman/.m2/repository/com/fasterxml/jackson/datatype/jackson-datatype-jsr310/2.18.3/jackson-datatype-jsr310-2.18.3.jar:/Users/aironman/.m2/repository/com/fasterxml/jackson/module/jackson-module-parameter-names/2.18.3/jackson-module-parameter-names-2.18.3.jar:/Users/aironman/.m2/repository/org/springframework/boot/spring-boot-starter-reactor-netty/3.4.4/spring-boot-starter-reactor-netty-3.4.4.jar:/Users/aironman/.m2/repository/io/projectreactor/netty/reactor-netty-http/1.2.4/reactor-netty-http-1.2.4.jar:/Users/aironman/.m2/repository/io/netty/netty-codec-http/4.1.119.Final/netty-codec-http-4.1.119.Final.jar:/Users/aironman/.m2/repository/io/netty/netty-codec-http2/4.1.119.Final/netty-codec-http2-4.1.119.Final.jar:/Users/aironman/.m2/repository/org/springframework/spring-web/6.2.5/spring-web-6.2.5.jar:/Users/aironman/.m2/repository/org/springframework/spring-beans/6.2.5/spring-beans-6.2.5.jar:/Users/aironman/.m2/repository/org/springframework/spring-webflux/6.2.5/spring-webflux-6.2.5.jar:/Users/aironman/.m2/repository/org/springframework/boot/spring-boot-starter-data-r2dbc/3.4.4/spring-boot-starter-data-r2dbc-3.4.4.jar:/Users/aironman/.m2/repository/org/springframework/data/spring-data-r2dbc/3.4.4/spring-data-r2dbc-3.4.4.jar:/Users/aironman/.m2/repository/org/springframework/data/spring-data-relational/3.4.4/spring-data-relational-3.4.4.jar:/Users/aironman/.m2/repository/org/springframework/data/spring-data-commons/3.4.4/spring-data-commons-3.4.4.jar:/Users/aironman/.m2/repository/org/springframework/spring-tx/6.2.5/spring-tx-6.2.5.jar:/Users/aironman/.m2/repository/org/springframework/spring-context/6.2.5/spring-context-6.2.5.jar:/Users/aironman/.m2/repository/org/springframework/spring-expression/6.2.5/spring-expression-6.2.5.jar:/Users/aironman/.m2/repository/org/springframework/spring-jdbc/6.2.5/spring-jdbc-6.2.5.jar:/Users/aironman/.m2/repository/org/springframework/spring-r2dbc/6.2.5/spring-r2dbc-6.2.5.jar:/Users/aironman/.m2/repository/io/r2dbc/r2dbc-spi/1.0.0.RELEASE/r2dbc-spi-1.0.0.RELEASE.jar:/Users/aironman/.m2/repository/io/r2dbc/r2dbc-pool/1.0.2.RELEASE/r2dbc-pool-1.0.2.RELEASE.jar:/Users/aironman/.m2/repository/io/projectreactor/addons/reactor-pool/1.1.2/reactor-pool-1.1.2.jar:/Users/aironman/.m2/repository/org/springframework/boot/spring-boot-starter-data-redis-reactive/3.4.4/spring-boot-starter-data-redis-reactive-3.4.4.jar:/Users/aironman/.m2/repository/io/lettuce/lettuce-core/6.4.2.RELEASE/lettuce-core-6.4.2.RELEASE.jar:/Users/aironman/.m2/repository/io/netty/netty-common/4.1.119.Final/netty-common-4.1.119.Final.jar:/Users/aironman/.m2/repository/io/netty/netty-handler/4.1.119.Final/netty-handler-4.1.119.Final.jar:/Users/aironman/.m2/repository/io/netty/netty-resolver/4.1.119.Final/netty-resolver-4.1.119.Final.jar:/Users/aironman/.m2/repository/io/netty/netty-buffer/4.1.119.Final/netty-buffer-4.1.119.Final.jar:/Users/aironman/.m2/repository/io/netty/netty-transport-native-unix-common/4.1.119.Final/netty-transport-native-unix-common-4.1.119.Final.jar:/Users/aironman/.m2/repository/io/netty/netty-codec/4.1.119.Final/netty-codec-4.1.119.Final.jar:/Users/aironman/.m2/repository/io/netty/netty-transport/4.1.119.Final/netty-transport-4.1.119.Final.jar:/Users/aironman/.m2/repository/org/springframework/data/spring-data-redis/3.4.4/spring-data-redis-3.4.4.jar:/Users/aironman/.m2/repository/org/springframework/data/spring-data-keyvalue/3.4.4/spring-data-keyvalue-3.4.4.jar:/Users/aironman/.m2/repository/org/springframework/spring-oxm/6.2.5/spring-oxm-6.2.5.jar:/Users/aironman/.m2/repository/org/springframework/spring-aop/6.2.5/spring-aop-6.2.5.jar:/Users/aironman/.m2/repository/org/springframework/spring-context-support/6.2.5/spring-context-support-6.2.5.jar:/Users/aironman/.m2/repository/org/springframework/boot/spring-boot-starter-actuator/3.4.4/spring-boot-starter-actuator-3.4.4.jar:/Users/aironman/.m2/repository/org/springframework/boot/spring-boot-actuator-autoconfigure/3.4.4/spring-boot-actuator-autoconfigure-3.4.4.jar:/Users/aironman/.m2/repository/org/springframework/boot/spring-boot-actuator/3.4.4/spring-boot-actuator-3.4.4.jar:/Users/aironman/.m2/repository/io/micrometer/micrometer-observation/1.14.5/micrometer-observation-1.14.5.jar:/Users/aironman/.m2/repository/io/micrometer/micrometer-commons/1.14.5/micrometer-commons-1.14.5.jar:/Users/aironman/.m2/repository/io/micrometer/micrometer-jakarta9/1.14.5/micrometer-jakarta9-1.14.5.jar:/Users/aironman/.m2/repository/io/asyncer/r2dbc-mysql/1.4.1/r2dbc-mysql-1.4.1.jar:/Users/aironman/.m2/repository/io/projectreactor/netty/reactor-netty-core/1.2.4/reactor-netty-core-1.2.4.jar:/Users/aironman/.m2/repository/io/netty/netty-handler-proxy/4.1.119.Final/netty-handler-proxy-4.1.119.Final.jar:/Users/aironman/.m2/repository/io/netty/netty-codec-socks/4.1.119.Final/netty-codec-socks-4.1.119.Final.jar:/Users/aironman/.m2/repository/io/netty/netty-resolver-dns/4.1.119.Final/netty-resolver-dns-4.1.119.Final.jar:/Users/aironman/.m2/repository/io/netty/netty-codec-dns/4.1.119.Final/netty-codec-dns-4.1.119.Final.jar:/Users/aironman/.m2/repository/io/netty/netty-resolver-dns-native-macos/4.1.119.Final/netty-resolver-dns-native-macos-4.1.119.Final-osx-x86_64.jar:/Users/aironman/.m2/repository/io/netty/netty-resolver-dns-classes-macos/4.1.119.Final/netty-resolver-dns-classes-macos-4.1.119.Final.jar:/Users/aironman/.m2/repository/io/netty/netty-transport-native-epoll/4.1.119.Final/netty-transport-native-epoll-4.1.119.Final-linux-x86_64.jar:/Users/aironman/.m2/repository/io/netty/netty-transport-classes-epoll/4.1.119.Final/netty-transport-classes-epoll-4.1.119.Final.jar:/Users/aironman/.m2/repository/com/mysql/mysql-connector-j/9.1.0/mysql-connector-j-9.1.0.jar:/Users/aironman/.m2/repository/org/codehaus/janino/janino/3.1.12/janino-3.1.12.jar:/Users/aironman/.m2/repository/org/codehaus/janino/commons-compiler/3.1.12/commons-compiler-3.1.12.jar:/Users/aironman/.m2/repository/io/github/resilience4j/resilience4j-spring-boot3/2.3.0/resilience4j-spring-boot3-2.3.0.jar:/Users/aironman/.m2/repository/io/github/resilience4j/resilience4j-spring6/2.3.0/resilience4j-spring6-2.3.0.jar:/Users/aironman/.m2/repository/io/github/resilience4j/resilience4j-annotations/2.3.0/resilience4j-annotations-2.3.0.jar:/Users/aironman/.m2/repository/io/github/resilience4j/resilience4j-consumer/2.3.0/resilience4j-consumer-2.3.0.jar:/Users/aironman/.m2/repository/io/github/resilience4j/resilience4j-circularbuffer/2.3.0/resilience4j-circularbuffer-2.3.0.jar:/Users/aironman/.m2/repository/io/github/resilience4j/resilience4j-framework-common/2.3.0/resilience4j-framework-common-2.3.0.jar:/Users/aironman/.m2/repository/io/github/resilience4j/resilience4j-micrometer/2.3.0/resilience4j-micrometer-2.3.0.jar:/Users/aironman/.m2/repository/io/github/resilience4j/resilience4j-circuitbreaker/2.3.0/resilience4j-circuitbreaker-2.3.0.jar:/Users/aironman/.m2/repository/io/github/resilience4j/resilience4j-core/2.3.0/resilience4j-core-2.3.0.jar:/Users/aironman/.m2/repository/org/jetbrains/kotlin/kotlin-stdlib-jdk8/1.9.25/kotlin-stdlib-jdk8-1.9.25.jar:/Users/aironman/.m2/repository/org/jetbrains/kotlin/kotlin-stdlib/1.9.25/kotlin-stdlib-1.9.25.jar:/Users/aironman/.m2/repository/org/jetbrains/kotlin/kotlin-stdlib-jdk7/1.9.25/kotlin-stdlib-jdk7-1.9.25.jar:/Users/aironman/.m2/repository/io/github/resilience4j/resilience4j-reactor/2.3.0/resilience4j-reactor-2.3.0.jar:/Users/aironman/.m2/repository/io/github/resilience4j/resilience4j-ratelimiter/2.3.0/resilience4j-ratelimiter-2.3.0.jar:/Users/aironman/.m2/repository/io/github/resilience4j/resilience4j-timelimiter/2.3.0/resilience4j-timelimiter-2.3.0.jar:/Users/aironman/.m2/repository/io/github/resilience4j/resilience4j-bulkhead/2.3.0/resilience4j-bulkhead-2.3.0.jar:/Users/aironman/.m2/repository/io/github/resilience4j/resilience4j-retry/2.3.0/resilience4j-retry-2.3.0.jar:/Users/aironman/.m2/repository/io/projectreactor/reactor-core/3.6.10/reactor-core-3.6.10.jar:/Users/aironman/.m2/repository/org/reactivestreams/reactive-streams/1.0.4/reactive-streams-1.0.4.jar:/Users/aironman/.m2/repository/io/micrometer/micrometer-registry-prometheus/1.12.4/micrometer-registry-prometheus-1.12.4.jar:/Users/aironman/.m2/repository/io/micrometer/micrometer-core/1.14.5/micrometer-core-1.14.5.jar:/Users/aironman/.m2/repository/org/hdrhistogram/HdrHistogram/2.2.2/HdrHistogram-2.2.2.jar:/Users/aironman/.m2/repository/org/latencyutils/LatencyUtils/2.0.3/LatencyUtils-2.0.3.jar:/Users/aironman/.m2/repository/io/prometheus/simpleclient_common/0.16.0/simpleclient_common-0.16.0.jar:/Users/aironman/.m2/repository/io/prometheus/simpleclient/0.16.0/simpleclient-0.16.0.jar:/Users/aironman/.m2/repository/io/prometheus/simpleclient_tracer_otel/0.16.0/simpleclient_tracer_otel-0.16.0.jar:/Users/aironman/.m2/repository/io/prometheus/simpleclient_tracer_common/0.16.0/simpleclient_tracer_common-0.16.0.jar:/Users/aironman/.m2/repository/io/prometheus/simpleclient_tracer_otel_agent/0.16.0/simpleclient_tracer_otel_agent-0.16.0.jar:/Users/aironman/.m2/repository/org/slf4j/slf4j-api/2.0.17/slf4j-api-2.0.17.jar:/Users/aironman/.m2/repository/ch/qos/logback/logback-classic/1.5.13/logback-classic-1.5.13.jar:/Users/aironman/.m2/repository/ch/qos/logback/logback-core/1.5.13/logback-core-1.5.13.jar:/Users/aironman/.m2/repository/org/projectlombok/lombok/1.18.34/lombok-1.18.34.jar:/Users/aironman/.m2/repository/org/springframework/boot/spring-boot-starter-test/3.4.4/spring-boot-starter-test-3.4.4.jar:/Users/aironman/.m2/repository/org/springframework/boot/spring-boot-test/3.4.4/spring-boot-test-3.4.4.jar:/Users/aironman/.m2/repository/org/springframework/boot/spring-boot-test-autoconfigure/3.4.4/spring-boot-test-autoconfigure-3.4.4.jar:/Users/aironman/.m2/repository/com/jayway/jsonpath/json-path/2.9.0/json-path-2.9.0.jar:/Users/aironman/.m2/repository/jakarta/xml/bind/jakarta.xml.bind-api/4.0.2/jakarta.xml.bind-api-4.0.2.jar:/Users/aironman/.m2/repository/jakarta/activation/jakarta.activation-api/2.1.3/jakarta.activation-api-2.1.3.jar:/Users/aironman/.m2/repository/net/minidev/json-smart/2.5.2/json-smart-2.5.2.jar:/Users/aironman/.m2/repository/net/minidev/accessors-smart/2.5.2/accessors-smart-2.5.2.jar:/Users/aironman/.m2/repository/org/ow2/asm/asm/9.7.1/asm-9.7.1.jar:/Users/aironman/.m2/repository/org/assertj/assertj-core/3.26.3/assertj-core-3.26.3.jar:/Users/aironman/.m2/repository/org/awaitility/awaitility/4.2.2/awaitility-4.2.2.jar:/Users/aironman/.m2/repository/org/hamcrest/hamcrest/2.2/hamcrest-2.2.jar:/Users/aironman/.m2/repository/org/junit/jupiter/junit-jupiter/5.11.4/junit-jupiter-5.11.4.jar:/Users/aironman/.m2/repository/org/junit/jupiter/junit-jupiter-params/5.11.4/junit-jupiter-params-5.11.4.jar:/Users/aironman/.m2/repository/org/junit/jupiter/junit-jupiter-engine/5.11.4/junit-jupiter-engine-5.11.4.jar:/Users/aironman/.m2/repository/org/junit/platform/junit-platform-engine/1.11.4/junit-platform-engine-1.11.4.jar:/Users/aironman/.m2/repository/org/skyscreamer/jsonassert/1.5.3/jsonassert-1.5.3.jar:/Users/aironman/.m2/repository/com/vaadin/external/google/android-json/0.0.20131108.vaadin1/android-json-0.0.20131108.vaadin1.jar:/Users/aironman/.m2/repository/org/springframework/spring-core/6.2.5/spring-core-6.2.5.jar:/Users/aironman/.m2/repository/org/springframework/spring-jcl/6.2.5/spring-jcl-6.2.5.jar:/Users/aironman/.m2/repository/org/springframework/spring-test/6.2.5/spring-test-6.2.5.jar:/Users/aironman/.m2/repository/org/xmlunit/xmlunit-core/2.10.0/xmlunit-core-2.10.0.jar:/Users/aironman/.m2/repository/io/projectreactor/reactor-test/3.6.10/reactor-test-3.6.10.jar:/Users/aironman/.m2/repository/org/testcontainers/testcontainers/1.21.0/testcontainers-1.21.0.jar:/Users/aironman/.m2/repository/junit/junit/4.13.2/junit-4.13.2.jar:/Users/aironman/.m2/repository/org/hamcrest/hamcrest-core/2.2/hamcrest-core-2.2.jar:/Users/aironman/.m2/repository/org/apache/commons/commons-compress/1.24.0/commons-compress-1.24.0.jar:/Users/aironman/.m2/repository/org/rnorth/duct-tape/duct-tape/1.0.8/duct-tape-1.0.8.jar:/Users/aironman/.m2/repository/org/jetbrains/annotations/17.0.0/annotations-17.0.0.jar:/Users/aironman/.m2/repository/com/github/docker-java/docker-java-api/3.4.2/docker-java-api-3.4.2.jar:/Users/aironman/.m2/repository/com/fasterxml/jackson/core/jackson-annotations/2.18.3/jackson-annotations-2.18.3.jar:/Users/aironman/.m2/repository/com/github/docker-java/docker-java-transport-zerodep/3.4.2/docker-java-transport-zerodep-3.4.2.jar:/Users/aironman/.m2/repository/com/github/docker-java/docker-java-transport/3.4.2/docker-java-transport-3.4.2.jar:/Users/aironman/.m2/repository/net/java/dev/jna/jna/5.13.0/jna-5.13.0.jar:/Users/aironman/.m2/repository/org/testcontainers/mysql/1.20.1/mysql-1.20.1.jar:/Users/aironman/.m2/repository/org/testcontainers/jdbc/1.20.6/jdbc-1.20.6.jar:/Users/aironman/.m2/repository/org/testcontainers/database-commons/1.20.6/database-commons-1.20.6.jar:/Users/aironman/.m2/repository/org/testcontainers/junit-jupiter/1.20.1/junit-jupiter-1.20.1.jar:/Users/aironman/.m2/repository/org/mockito/mockito-core/5.14.1/mockito-core-5.14.1.jar:/Users/aironman/.m2/repository/net/bytebuddy/byte-buddy/1.15.11/byte-buddy-1.15.11.jar:/Users/aironman/.m2/repository/net/bytebuddy/byte-buddy-agent/1.15.11/byte-buddy-agent-1.15.11.jar:/Users/aironman/.m2/repository/org/objenesis/objenesis/3.3/objenesis-3.3.jar:/Users/aironman/.m2/repository/org/mockito/mockito-junit-jupiter/5.14.1/mockito-junit-jupiter-5.14.1.jar:/Users/aironman/.m2/repository/org/junit/jupiter/junit-jupiter-api/5.11.4/junit-jupiter-api-5.11.4.jar:/Users/aironman/.m2/repository/org/opentest4j/opentest4j/1.3.0/opentest4j-1.3.0.jar:/Users/aironman/.m2/repository/org/junit/platform/junit-platform-commons/1.11.4/junit-platform-commons-1.11.4.jar:/Users/aironman/.m2/repository/org/apiguardian/apiguardian-api/1.1.2/apiguardian-api-1.1.2.jar:"/>
    <property name="sun.cpu.endian" value="little"/>
    <property name="user.home" value="/Users/aironman"/>
    <property name="user.language" value="es"/>
    <property name="java.specification.vendor" value="Oracle Corporation"/>
    <property name="java.version.date" value="2025-01-21"/>
    <property name="java.home" value="/Users/aironman/.sdkman/candidates/java/21.0.6-tem"/>
    <property name="file.separator" value="/"/>
    <property name="basedir" value="/Users/aironman/git/distributed-order-system/order-service"/>
    <property name="java.vm.compressedOopsMode" value="Zero based"/>
    <property name="line.separator" value="&#10;"/>
    <property name="java.vm.specification.vendor" value="Oracle Corporation"/>
    <property name="java.specification.name" value="Java Platform API Specification"/>
    <property name="FILE_LOG_CHARSET" value="UTF-8"/>
    <property name="java.awt.headless" value="true"/>
    <property name="apple.awt.application.name" value="ForkedBooter"/>
    <property name="surefire.real.class.path" value="/Users/aironman/git/distributed-order-system/order-service/target/surefire/surefirebooter-20250429145153490_3.jar"/>
    <property name="sun.management.compiler" value="HotSpot 64-Bit Tiered Compilers"/>
    <property name="ftp.nonProxyHosts" value="local|*.local|169.254/16|*.169.254/16"/>
    <property name="java.runtime.version" value="21.0.6+7-LTS"/>
    <property name="user.name" value="aironman"/>
    <property name="stdout.encoding" value="UTF-8"/>
    <property name="path.separator" value=":"/>
    <property name="os.version" value="15.4.1"/>
    <property name="java.runtime.name" value="OpenJDK Runtime Environment"/>
    <property name="file.encoding" value="UTF-8"/>
    <property name="java.vm.name" value="OpenJDK 64-Bit Server VM"/>
    <property name="java.vendor.version" value="Temurin-21.0.6+7"/>
    <property name="localRepository" value="/Users/aironman/.m2/repository"/>
    <property name="java.vendor.url.bug" value="https://github.com/adoptium/adoptium-support/issues"/>
    <property name="java.io.tmpdir" value="/var/folders/0x/gmzly6vn2f7ggfk47bdcsbnc0000gn/T/"/>
    <property name="java.version" value="21.0.6"/>
    <property name="user.dir" value="/Users/aironman/git/distributed-order-system/order-service"/>
    <property name="os.arch" value="x86_64"/>
    <property name="java.vm.specification.name" value="Java Virtual Machine Specification"/>
    <property name="PID" value="18588"/>
    <property name="CONSOLE_LOG_CHARSET" value="UTF-8"/>
    <property name="native.encoding" value="UTF-8"/>
    <property name="java.library.path" value="/Users/aironman/Library/Java/Extensions:/Library/Java/Extensions:/Network/Library/Java/Extensions:/System/Library/Java/Extensions:/usr/lib/java:."/>
    <property name="java.vm.info" value="mixed mode"/>
    <property name="stderr.encoding" value="UTF-8"/>
    <property name="java.vendor" value="Eclipse Adoptium"/>
    <property name="java.vm.version" value="21.0.6+7-LTS"/>
    <property name="sun.io.unicode.encoding" value="UnicodeBig"/>
    <property name="socksNonProxyHosts" value="local|*.local|169.254/16|*.169.254/16"/>
    <property name="java.class.version" value="65.0"/>
  </properties>
  <testcase name="testPublishAndConsumeOrderEvents" classname="com.example.order.service.RedisUnitTest" time="0.045">
    <system-out><![CDATA[14:52:26.013 [main] INFO  tc.redis:7 - Creating container for image: redis:7
14:52:26.212 [main] INFO  tc.redis:7 - Container redis:7 is starting: 5c770be5e8f364ff2040c191727f76a8b6a914d4fddb21a75e35ee43e5587641
14:52:26.577 [main] INFO  tc.redis:7 - Container redis:7 started in PT0.564612S

  .   ____          _            __ _ _
 /\\ / ___'_ __ _ _(_)_ __  __ _ \ \ \ \
( ( )\___ | '_ | '_| | '_ \/ _` | \ \ \ \
 \\/  ___)| |_)| | | | | || (_| |  ) ) ) )
  '  |____| .__|_| |_|_| |_\__, | / / / /
 =========|_|==============|___/=/_/_/_/

 :: Spring Boot ::                (v3.4.4)

14:52:26.599 [main] INFO  c.e.order.service.RedisUnitTest - Starting RedisUnitTest using Java 21.0.6 with PID 18588 (started by aironman in /Users/aironman/git/distributed-order-system/order-service)
14:52:26.599 [main] INFO  c.e.order.service.RedisUnitTest - The following 1 profile is active: "test"
14:52:26.635 [main] INFO  c.e.order.service.RedisUnitTest - Started RedisUnitTest in 0.055 seconds (process running for 33.065)
]]></system-out>
  </testcase>
  <testcase name="testStreamOperationsWithMapTemplate" classname="com.example.order.service.RedisUnitTest" time="0.017">
    <system-out><![CDATA[
  .   ____          _            __ _ _
 /\\ / ___'_ __ _ _(_)_ __  __ _ \ \ \ \
( ( )\___ | '_ | '_| | '_ \/ _` | \ \ \ \
 \\/  ___)| |_)| | | | | || (_| |  ) ) ) )
  '  |____| .__|_| |_|_| |_\__, | / / / /
 =========|_|==============|___/=/_/_/_/

 :: Spring Boot ::                (v3.4.4)

14:52:26.703 [main] INFO  c.e.order.service.RedisUnitTest - Starting RedisUnitTest using Java 21.0.6 with PID 18588 (started by aironman in /Users/aironman/git/distributed-order-system/order-service)
14:52:26.703 [main] INFO  c.e.order.service.RedisUnitTest - The following 1 profile is active: "test"
14:52:26.730 [main] INFO  c.e.order.service.RedisUnitTest - Started RedisUnitTest in 0.048 seconds (process running for 33.16)
]]></system-out>
  </testcase>
  <testcase name="testWriteAndReadMap" classname="com.example.order.service.RedisUnitTest" time="0.061">
    <system-out><![CDATA[
  .   ____          _            __ _ _
 /\\ / ___'_ __ _ _(_)_ __  __ _ \ \ \ \
( ( )\___ | '_ | '_| | '_ \/ _` | \ \ \ \
 \\/  ___)| |_)| | | | | || (_| |  ) ) ) )
  '  |____| .__|_| |_|_| |_\__, | / / / /
 =========|_|==============|___/=/_/_/_/

 :: Spring Boot ::                (v3.4.4)

14:52:26.771 [main] INFO  c.e.order.service.RedisUnitTest - Starting RedisUnitTest using Java 21.0.6 with PID 18588 (started by aironman in /Users/aironman/git/distributed-order-system/order-service)
14:52:26.771 [main] INFO  c.e.order.service.RedisUnitTest - The following 1 profile is active: "test"
14:52:26.797 [main] INFO  c.e.order.service.RedisUnitTest - Started RedisUnitTest in 0.048 seconds (process running for 33.227)
]]></system-out>
  </testcase>
</testsuite>