<?xml version="1.0" encoding="UTF-8"?>
<testsuite xmlns:xsi="http://www.w3.org/2001/XMLSchema-instance" xsi:noNamespaceSchemaLocation="https://maven.apache.org/surefire/maven-surefire-plugin/xsd/surefire-test-report-3.0.xsd" version="3.0" name="com.example.order.repository.CompositeEventRepositorySimpleIntegrationTest" time="0.482" tests="1" errors="1" skipped="0" failures="0">
  <properties>
    <property name="java.specification.version" value="21"/>
    <property name="sun.jnu.encoding" value="UTF-8"/>
    <property name="java.class.path" value="/app/order-service/target/test-classes:/app/order-service/target/classes:/home/swebot/.m2/repository/org/springframework/cloud/spring-cloud-starter-config/4.2.1/spring-cloud-starter-config-4.2.1.jar:/home/swebot/.m2/repository/org/springframework/cloud/spring-cloud-starter/4.2.1/spring-cloud-starter-4.2.1.jar:/home/swebot/.m2/repository/org/springframework/cloud/spring-cloud-context/4.2.1/spring-cloud-context-4.2.1.jar:/home/swebot/.m2/repository/org/springframework/security/spring-security-crypto/6.4.4/spring-security-crypto-6.4.4.jar:/home/swebot/.m2/repository/org/springframework/cloud/spring-cloud-commons/4.2.1/spring-cloud-commons-4.2.1.jar:/home/swebot/.m2/repository/org/bouncycastle/bcprov-jdk18on/1.78.1/bcprov-jdk18on-1.78.1.jar:/home/swebot/.m2/repository/org/springframework/cloud/spring-cloud-config-client/4.2.1/spring-cloud-config-client-4.2.1.jar:/home/swebot/.m2/repository/org/springframework/boot/spring-boot-autoconfigure/3.4.4/spring-boot-autoconfigure-3.4.4.jar:/home/swebot/.m2/repository/org/apache/httpcomponents/client5/httpclient5/5.4.2/httpclient5-5.4.2.jar:/home/swebot/.m2/repository/org/apache/httpcomponents/core5/httpcore5/5.3.3/httpcore5-5.3.3.jar:/home/swebot/.m2/repository/org/apache/httpcomponents/core5/httpcore5-h2/5.3.3/httpcore5-h2-5.3.3.jar:/home/swebot/.m2/repository/org/springframework/boot/spring-boot-starter-aop/3.4.4/spring-boot-starter-aop-3.4.4.jar:/home/swebot/.m2/repository/org/springframework/boot/spring-boot-starter/3.4.4/spring-boot-starter-3.4.4.jar:/home/swebot/.m2/repository/org/springframework/boot/spring-boot/3.4.4/spring-boot-3.4.4.jar:/home/swebot/.m2/repository/org/springframework/boot/spring-boot-starter-logging/3.4.4/spring-boot-starter-logging-3.4.4.jar:/home/swebot/.m2/repository/org/apache/logging/log4j/log4j-to-slf4j/2.24.3/log4j-to-slf4j-2.24.3.jar:/home/swebot/.m2/repository/org/apache/logging/log4j/log4j-api/2.24.3/log4j-api-2.24.3.jar:/home/swebot/.m2/repository/org/slf4j/jul-to-slf4j/2.0.17/jul-to-slf4j-2.0.17.jar:/home/swebot/.m2/repository/jakarta/annotation/jakarta.annotation-api/2.1.1/jakarta.annotation-api-2.1.1.jar:/home/swebot/.m2/repository/org/yaml/snakeyaml/2.3/snakeyaml-2.3.jar:/home/swebot/.m2/repository/org/springframework/spring-aop/6.2.5/spring-aop-6.2.5.jar:/home/swebot/.m2/repository/org/aspectj/aspectjrt/1.9.23/aspectjrt-1.9.23.jar:/home/swebot/.m2/repository/org/aspectj/aspectjweaver/1.9.23/aspectjweaver-1.9.23.jar:/home/swebot/.m2/repository/org/springframework/boot/spring-boot-configuration-processor/3.4.4/spring-boot-configuration-processor-3.4.4.jar:/home/swebot/.m2/repository/org/springframework/boot/spring-boot-starter-webflux/3.4.4/spring-boot-starter-webflux-3.4.4.jar:/home/swebot/.m2/repository/org/springframework/boot/spring-boot-starter-json/3.4.4/spring-boot-starter-json-3.4.4.jar:/home/swebot/.m2/repository/com/fasterxml/jackson/datatype/jackson-datatype-jdk8/2.18.3/jackson-datatype-jdk8-2.18.3.jar:/home/swebot/.m2/repository/com/fasterxml/jackson/module/jackson-module-parameter-names/2.18.3/jackson-module-parameter-names-2.18.3.jar:/home/swebot/.m2/repository/org/springframework/boot/spring-boot-starter-reactor-netty/3.4.4/spring-boot-starter-reactor-netty-3.4.4.jar:/home/swebot/.m2/repository/io/projectreactor/netty/reactor-netty-http/1.2.4/reactor-netty-http-1.2.4.jar:/home/swebot/.m2/repository/io/netty/netty-codec-http/4.1.119.Final/netty-codec-http-4.1.119.Final.jar:/home/swebot/.m2/repository/io/netty/netty-codec-http2/4.1.119.Final/netty-codec-http2-4.1.119.Final.jar:/home/swebot/.m2/repository/org/springframework/spring-web/6.2.5/spring-web-6.2.5.jar:/home/swebot/.m2/repository/org/springframework/spring-webflux/6.2.5/spring-webflux-6.2.5.jar:/home/swebot/.m2/repository/org/springframework/boot/spring-boot-starter-data-r2dbc/3.4.4/spring-boot-starter-data-r2dbc-3.4.4.jar:/home/swebot/.m2/repository/org/springframework/data/spring-data-r2dbc/3.4.4/spring-data-r2dbc-3.4.4.jar:/home/swebot/.m2/repository/org/springframework/data/spring-data-relational/3.4.4/spring-data-relational-3.4.4.jar:/home/swebot/.m2/repository/org/springframework/data/spring-data-commons/3.4.4/spring-data-commons-3.4.4.jar:/home/swebot/.m2/repository/org/springframework/spring-tx/6.2.5/spring-tx-6.2.5.jar:/home/swebot/.m2/repository/org/springframework/spring-context/6.2.5/spring-context-6.2.5.jar:/home/swebot/.m2/repository/org/springframework/spring-jdbc/6.2.5/spring-jdbc-6.2.5.jar:/home/swebot/.m2/repository/org/springframework/spring-r2dbc/6.2.5/spring-r2dbc-6.2.5.jar:/home/swebot/.m2/repository/io/r2dbc/r2dbc-spi/1.0.0.RELEASE/r2dbc-spi-1.0.0.RELEASE.jar:/home/swebot/.m2/repository/io/r2dbc/r2dbc-pool/1.0.2.RELEASE/r2dbc-pool-1.0.2.RELEASE.jar:/home/swebot/.m2/repository/io/projectreactor/addons/reactor-pool/1.1.2/reactor-pool-1.1.2.jar:/home/swebot/.m2/repository/org/springframework/boot/spring-boot-starter-data-redis-reactive/3.4.4/spring-boot-starter-data-redis-reactive-3.4.4.jar:/home/swebot/.m2/repository/io/lettuce/lettuce-core/6.4.2.RELEASE/lettuce-core-6.4.2.RELEASE.jar:/home/swebot/.m2/repository/io/netty/netty-common/4.1.119.Final/netty-common-4.1.119.Final.jar:/home/swebot/.m2/repository/io/netty/netty-handler/4.1.119.Final/netty-handler-4.1.119.Final.jar:/home/swebot/.m2/repository/io/netty/netty-resolver/4.1.119.Final/netty-resolver-4.1.119.Final.jar:/home/swebot/.m2/repository/io/netty/netty-buffer/4.1.119.Final/netty-buffer-4.1.119.Final.jar:/home/swebot/.m2/repository/io/netty/netty-transport-native-unix-common/4.1.119.Final/netty-transport-native-unix-common-4.1.119.Final.jar:/home/swebot/.m2/repository/io/netty/netty-codec/4.1.119.Final/netty-codec-4.1.119.Final.jar:/home/swebot/.m2/repository/io/netty/netty-transport/4.1.119.Final/netty-transport-4.1.119.Final.jar:/home/swebot/.m2/repository/org/springframework/data/spring-data-redis/3.4.4/spring-data-redis-3.4.4.jar:/home/swebot/.m2/repository/org/springframework/data/spring-data-keyvalue/3.4.4/spring-data-keyvalue-3.4.4.jar:/home/swebot/.m2/repository/org/springframework/spring-oxm/6.2.5/spring-oxm-6.2.5.jar:/home/swebot/.m2/repository/org/springframework/spring-context-support/6.2.5/spring-context-support-6.2.5.jar:/home/swebot/.m2/repository/org/springframework/boot/spring-boot-starter-actuator/3.4.4/spring-boot-starter-actuator-3.4.4.jar:/home/swebot/.m2/repository/org/springframework/boot/spring-boot-actuator-autoconfigure/3.4.4/spring-boot-actuator-autoconfigure-3.4.4.jar:/home/swebot/.m2/repository/org/springframework/boot/spring-boot-actuator/3.4.4/spring-boot-actuator-3.4.4.jar:/home/swebot/.m2/repository/io/micrometer/micrometer-observation/1.14.5/micrometer-observation-1.14.5.jar:/home/swebot/.m2/repository/io/micrometer/micrometer-jakarta9/1.14.5/micrometer-jakarta9-1.14.5.jar:/home/swebot/.m2/repository/org/springframework/boot/spring-boot-starter-validation/3.4.4/spring-boot-starter-validation-3.4.4.jar:/home/swebot/.m2/repository/org/apache/tomcat/embed/tomcat-embed-el/10.1.39/tomcat-embed-el-10.1.39.jar:/home/swebot/.m2/repository/org/hibernate/validator/hibernate-validator/8.0.2.Final/hibernate-validator-8.0.2.Final.jar:/home/swebot/.m2/repository/jakarta/validation/jakarta.validation-api/3.0.2/jakarta.validation-api-3.0.2.jar:/home/swebot/.m2/repository/org/jboss/logging/jboss-logging/3.6.1.Final/jboss-logging-3.6.1.Final.jar:/home/swebot/.m2/repository/com/fasterxml/classmate/1.7.0/classmate-1.7.0.jar:/home/swebot/.m2/repository/org/springframework/boot/spring-boot-starter-security/3.4.4/spring-boot-starter-security-3.4.4.jar:/home/swebot/.m2/repository/org/springframework/security/spring-security-config/6.4.4/spring-security-config-6.4.4.jar:/home/swebot/.m2/repository/org/springframework/security/spring-security-core/6.4.4/spring-security-core-6.4.4.jar:/home/swebot/.m2/repository/org/springframework/security/spring-security-web/6.4.4/spring-security-web-6.4.4.jar:/home/swebot/.m2/repository/org/springframework/spring-expression/6.2.5/spring-expression-6.2.5.jar:/home/swebot/.m2/repository/org/owasp/encoder/encoder/1.3.1/encoder-1.3.1.jar:/home/swebot/.m2/repository/io/r2dbc/r2dbc-h2/1.0.0.RELEASE/r2dbc-h2-1.0.0.RELEASE.jar:/home/swebot/.m2/repository/com/h2database/h2/2.3.232/h2-2.3.232.jar:/home/swebot/.m2/repository/org/springframework/spring-messaging/6.2.5/spring-messaging-6.2.5.jar:/home/swebot/.m2/repository/org/springframework/spring-beans/6.2.5/spring-beans-6.2.5.jar:/home/swebot/.m2/repository/org/springframework/spring-core/6.2.5/spring-core-6.2.5.jar:/home/swebot/.m2/repository/org/springframework/spring-jcl/6.2.5/spring-jcl-6.2.5.jar:/home/swebot/.m2/repository/io/asyncer/r2dbc-mysql/1.4.1/r2dbc-mysql-1.4.1.jar:/home/swebot/.m2/repository/io/projectreactor/netty/reactor-netty-core/1.2.4/reactor-netty-core-1.2.4.jar:/home/swebot/.m2/repository/io/netty/netty-handler-proxy/4.1.119.Final/netty-handler-proxy-4.1.119.Final.jar:/home/swebot/.m2/repository/io/netty/netty-codec-socks/4.1.119.Final/netty-codec-socks-4.1.119.Final.jar:/home/swebot/.m2/repository/io/netty/netty-resolver-dns/4.1.119.Final/netty-resolver-dns-4.1.119.Final.jar:/home/swebot/.m2/repository/io/netty/netty-codec-dns/4.1.119.Final/netty-codec-dns-4.1.119.Final.jar:/home/swebot/.m2/repository/io/netty/netty-resolver-dns-native-macos/4.1.119.Final/netty-resolver-dns-native-macos-4.1.119.Final-osx-x86_64.jar:/home/swebot/.m2/repository/io/netty/netty-resolver-dns-classes-macos/4.1.119.Final/netty-resolver-dns-classes-macos-4.1.119.Final.jar:/home/swebot/.m2/repository/io/netty/netty-transport-native-epoll/4.1.119.Final/netty-transport-native-epoll-4.1.119.Final-linux-x86_64.jar:/home/swebot/.m2/repository/io/netty/netty-transport-classes-epoll/4.1.119.Final/netty-transport-classes-epoll-4.1.119.Final.jar:/home/swebot/.m2/repository/com/mysql/mysql-connector-j/9.1.0/mysql-connector-j-9.1.0.jar:/home/swebot/.m2/repository/io/github/resilience4j/resilience4j-spring-boot3/2.2.0/resilience4j-spring-boot3-2.2.0.jar:/home/swebot/.m2/repository/io/github/resilience4j/resilience4j-spring6/2.2.0/resilience4j-spring6-2.2.0.jar:/home/swebot/.m2/repository/io/github/resilience4j/resilience4j-annotations/2.2.0/resilience4j-annotations-2.2.0.jar:/home/swebot/.m2/repository/io/github/resilience4j/resilience4j-consumer/2.2.0/resilience4j-consumer-2.2.0.jar:/home/swebot/.m2/repository/io/github/resilience4j/resilience4j-circularbuffer/2.2.0/resilience4j-circularbuffer-2.2.0.jar:/home/swebot/.m2/repository/io/github/resilience4j/resilience4j-framework-common/2.2.0/resilience4j-framework-common-2.2.0.jar:/home/swebot/.m2/repository/io/github/resilience4j/resilience4j-micrometer/2.2.0/resilience4j-micrometer-2.2.0.jar:/home/swebot/.m2/repository/io/github/resilience4j/resilience4j-circuitbreaker/2.2.0/resilience4j-circuitbreaker-2.2.0.jar:/home/swebot/.m2/repository/io/github/resilience4j/resilience4j-core/2.2.0/resilience4j-core-2.2.0.jar:/home/swebot/.m2/repository/io/github/resilience4j/resilience4j-reactor/2.2.0/resilience4j-reactor-2.2.0.jar:/home/swebot/.m2/repository/io/github/resilience4j/resilience4j-ratelimiter/2.2.0/resilience4j-ratelimiter-2.2.0.jar:/home/swebot/.m2/repository/io/github/resilience4j/resilience4j-timelimiter/2.2.0/resilience4j-timelimiter-2.2.0.jar:/home/swebot/.m2/repository/io/github/resilience4j/resilience4j-bulkhead/2.2.0/resilience4j-bulkhead-2.2.0.jar:/home/swebot/.m2/repository/io/github/resilience4j/resilience4j-retry/2.2.0/resilience4j-retry-2.2.0.jar:/home/swebot/.m2/repository/io/micrometer/micrometer-core/1.15.0/micrometer-core-1.15.0.jar:/home/swebot/.m2/repository/io/micrometer/micrometer-commons/1.14.5/micrometer-commons-1.14.5.jar:/home/swebot/.m2/repository/org/hdrhistogram/HdrHistogram/2.2.2/HdrHistogram-2.2.2.jar:/home/swebot/.m2/repository/org/latencyutils/LatencyUtils/2.0.3/LatencyUtils-2.0.3.jar:/home/swebot/.m2/repository/io/micrometer/micrometer-tracing/1.5.0/micrometer-tracing-1.5.0.jar:/home/swebot/.m2/repository/io/micrometer/context-propagation/1.1.2/context-propagation-1.1.2.jar:/home/swebot/.m2/repository/aopalliance/aopalliance/1.0/aopalliance-1.0.jar:/home/swebot/.m2/repository/io/projectreactor/reactor-core/3.6.10/reactor-core-3.6.10.jar:/home/swebot/.m2/repository/org/reactivestreams/reactive-streams/1.0.4/reactive-streams-1.0.4.jar:/home/swebot/.m2/repository/io/micrometer/micrometer-registry-prometheus/1.12.4/micrometer-registry-prometheus-1.12.4.jar:/home/swebot/.m2/repository/io/prometheus/simpleclient_common/0.16.0/simpleclient_common-0.16.0.jar:/home/swebot/.m2/repository/io/prometheus/simpleclient/0.16.0/simpleclient-0.16.0.jar:/home/swebot/.m2/repository/io/prometheus/simpleclient_tracer_otel/0.16.0/simpleclient_tracer_otel-0.16.0.jar:/home/swebot/.m2/repository/io/prometheus/simpleclient_tracer_common/0.16.0/simpleclient_tracer_common-0.16.0.jar:/home/swebot/.m2/repository/io/prometheus/simpleclient_tracer_otel_agent/0.16.0/simpleclient_tracer_otel_agent-0.16.0.jar:/home/swebot/.m2/repository/com/fasterxml/jackson/core/jackson-databind/2.18.0/jackson-databind-2.18.0.jar:/home/swebot/.m2/repository/com/fasterxml/jackson/core/jackson-annotations/2.18.3/jackson-annotations-2.18.3.jar:/home/swebot/.m2/repository/com/fasterxml/jackson/core/jackson-core/2.18.3/jackson-core-2.18.3.jar:/home/swebot/.m2/repository/com/fasterxml/jackson/datatype/jackson-datatype-jsr310/2.18.0/jackson-datatype-jsr310-2.18.0.jar:/home/swebot/.m2/repository/org/slf4j/slf4j-api/2.0.17/slf4j-api-2.0.17.jar:/home/swebot/.m2/repository/ch/qos/logback/logback-classic/1.5.13/logback-classic-1.5.13.jar:/home/swebot/.m2/repository/ch/qos/logback/logback-core/1.5.13/logback-core-1.5.13.jar:/home/swebot/.m2/repository/org/projectlombok/lombok/1.18.34/lombok-1.18.34.jar:/home/swebot/.m2/repository/org/springframework/boot/spring-boot-starter-test/3.4.4/spring-boot-starter-test-3.4.4.jar:/home/swebot/.m2/repository/org/springframework/boot/spring-boot-test/3.4.4/spring-boot-test-3.4.4.jar:/home/swebot/.m2/repository/org/springframework/boot/spring-boot-test-autoconfigure/3.4.4/spring-boot-test-autoconfigure-3.4.4.jar:/home/swebot/.m2/repository/com/jayway/jsonpath/json-path/2.9.0/json-path-2.9.0.jar:/home/swebot/.m2/repository/jakarta/xml/bind/jakarta.xml.bind-api/4.0.2/jakarta.xml.bind-api-4.0.2.jar:/home/swebot/.m2/repository/jakarta/activation/jakarta.activation-api/2.1.3/jakarta.activation-api-2.1.3.jar:/home/swebot/.m2/repository/net/minidev/json-smart/2.5.2/json-smart-2.5.2.jar:/home/swebot/.m2/repository/net/minidev/accessors-smart/2.5.2/accessors-smart-2.5.2.jar:/home/swebot/.m2/repository/org/ow2/asm/asm/9.7.1/asm-9.7.1.jar:/home/swebot/.m2/repository/org/assertj/assertj-core/3.26.3/assertj-core-3.26.3.jar:/home/swebot/.m2/repository/org/awaitility/awaitility/4.2.2/awaitility-4.2.2.jar:/home/swebot/.m2/repository/org/hamcrest/hamcrest/2.2/hamcrest-2.2.jar:/home/swebot/.m2/repository/org/junit/jupiter/junit-jupiter/5.11.4/junit-jupiter-5.11.4.jar:/home/swebot/.m2/repository/org/junit/jupiter/junit-jupiter-params/5.11.4/junit-jupiter-params-5.11.4.jar:/home/swebot/.m2/repository/org/junit/jupiter/junit-jupiter-engine/5.11.4/junit-jupiter-engine-5.11.4.jar:/home/swebot/.m2/repository/org/junit/platform/junit-platform-engine/1.11.4/junit-platform-engine-1.11.4.jar:/home/swebot/.m2/repository/org/skyscreamer/jsonassert/1.5.3/jsonassert-1.5.3.jar:/home/swebot/.m2/repository/com/vaadin/external/google/android-json/0.0.20131108.vaadin1/android-json-0.0.20131108.vaadin1.jar:/home/swebot/.m2/repository/org/springframework/spring-test/6.2.5/spring-test-6.2.5.jar:/home/swebot/.m2/repository/org/xmlunit/xmlunit-core/2.10.0/xmlunit-core-2.10.0.jar:/home/swebot/.m2/repository/io/projectreactor/reactor-test/3.6.10/reactor-test-3.6.10.jar:/home/swebot/.m2/repository/org/testcontainers/testcontainers/1.21.0/testcontainers-1.21.0.jar:/home/swebot/.m2/repository/junit/junit/4.13.2/junit-4.13.2.jar:/home/swebot/.m2/repository/org/hamcrest/hamcrest-core/2.2/hamcrest-core-2.2.jar:/home/swebot/.m2/repository/org/apache/commons/commons-compress/1.24.0/commons-compress-1.24.0.jar:/home/swebot/.m2/repository/org/rnorth/duct-tape/duct-tape/1.0.8/duct-tape-1.0.8.jar:/home/swebot/.m2/repository/org/jetbrains/annotations/17.0.0/annotations-17.0.0.jar:/home/swebot/.m2/repository/com/github/docker-java/docker-java-api/3.4.2/docker-java-api-3.4.2.jar:/home/swebot/.m2/repository/com/github/docker-java/docker-java-transport-zerodep/3.4.2/docker-java-transport-zerodep-3.4.2.jar:/home/swebot/.m2/repository/com/github/docker-java/docker-java-transport/3.4.2/docker-java-transport-3.4.2.jar:/home/swebot/.m2/repository/net/java/dev/jna/jna/5.13.0/jna-5.13.0.jar:/home/swebot/.m2/repository/org/testcontainers/mysql/1.21.0/mysql-1.21.0.jar:/home/swebot/.m2/repository/org/testcontainers/jdbc/1.20.6/jdbc-1.20.6.jar:/home/swebot/.m2/repository/org/testcontainers/database-commons/1.20.6/database-commons-1.20.6.jar:/home/swebot/.m2/repository/com/redis/testcontainers-redis/2.2.3/testcontainers-redis-2.2.3.jar:/home/swebot/.m2/repository/com/redis/testcontainers-redis-common/2.2.3/testcontainers-redis-common-2.2.3.jar:/home/swebot/.m2/repository/com/github/kstyrc/embedded-redis/0.6/embedded-redis-0.6.jar:/home/swebot/.m2/repository/com/google/guava/guava/18.0/guava-18.0.jar:/home/swebot/.m2/repository/commons-io/commons-io/2.4/commons-io-2.4.jar:/home/swebot/.m2/repository/org/testcontainers/junit-jupiter/1.21.0/junit-jupiter-1.21.0.jar:/home/swebot/.m2/repository/org/mockito/mockito-core/5.14.1/mockito-core-5.14.1.jar:/home/swebot/.m2/repository/net/bytebuddy/byte-buddy/1.15.11/byte-buddy-1.15.11.jar:/home/swebot/.m2/repository/net/bytebuddy/byte-buddy-agent/1.15.11/byte-buddy-agent-1.15.11.jar:/home/swebot/.m2/repository/org/objenesis/objenesis/3.3/objenesis-3.3.jar:/home/swebot/.m2/repository/org/mockito/mockito-junit-jupiter/5.14.1/mockito-junit-jupiter-5.14.1.jar:/home/swebot/.m2/repository/org/junit/jupiter/junit-jupiter-api/5.11.4/junit-jupiter-api-5.11.4.jar:/home/swebot/.m2/repository/org/opentest4j/opentest4j/1.3.0/opentest4j-1.3.0.jar:/home/swebot/.m2/repository/org/junit/platform/junit-platform-commons/1.11.4/junit-platform-commons-1.11.4.jar:/home/swebot/.m2/repository/org/apiguardian/apiguardian-api/1.1.2/apiguardian-api-1.1.2.jar:/home/swebot/.m2/repository/org/codehaus/janino/janino/3.1.12/janino-3.1.12.jar:/home/swebot/.m2/repository/org/codehaus/janino/commons-compiler/3.1.12/commons-compiler-3.1.12.jar:"/>
    <property name="java.vm.vendor" value="Ubuntu"/>
    <property name="test.mode" value="true"/>
    <property name="sun.arch.data.model" value="64"/>
    <property name="java.vendor.url" value="https://ubuntu.com/"/>
    <property name="user.timezone" value="Etc/UTC"/>
    <property name="org.jboss.logging.provider" value="slf4j"/>
    <property name="os.name" value="Linux"/>
    <property name="java.vm.specification.version" value="21"/>
    <property name="sun.java.launcher" value="SUN_STANDARD"/>
    <property name="sun.boot.library.path" value="/usr/lib/jvm/java-21-openjdk-amd64/lib"/>
    <property name="sun.java.command" value="/app/order-service/target/surefire/surefirebooter-20250602074116356_3.jar /app/order-service/target/surefire 2025-06-02T07-41-16_255-jvmRun1 surefire-20250602074116356_1tmp surefire_0-20250602074116356_2tmp"/>
    <property name="jdk.debug" value="release"/>
    <property name="test" value="CompositeEventRepositorySimpleIntegrationTest,CompositeEventRepositorySagaIntegrationTest"/>
    <property name="surefire.test.class.path" value="/app/order-service/target/test-classes:/app/order-service/target/classes:/home/swebot/.m2/repository/org/springframework/cloud/spring-cloud-starter-config/4.2.1/spring-cloud-starter-config-4.2.1.jar:/home/swebot/.m2/repository/org/springframework/cloud/spring-cloud-starter/4.2.1/spring-cloud-starter-4.2.1.jar:/home/swebot/.m2/repository/org/springframework/cloud/spring-cloud-context/4.2.1/spring-cloud-context-4.2.1.jar:/home/swebot/.m2/repository/org/springframework/security/spring-security-crypto/6.4.4/spring-security-crypto-6.4.4.jar:/home/swebot/.m2/repository/org/springframework/cloud/spring-cloud-commons/4.2.1/spring-cloud-commons-4.2.1.jar:/home/swebot/.m2/repository/org/bouncycastle/bcprov-jdk18on/1.78.1/bcprov-jdk18on-1.78.1.jar:/home/swebot/.m2/repository/org/springframework/cloud/spring-cloud-config-client/4.2.1/spring-cloud-config-client-4.2.1.jar:/home/swebot/.m2/repository/org/springframework/boot/spring-boot-autoconfigure/3.4.4/spring-boot-autoconfigure-3.4.4.jar:/home/swebot/.m2/repository/org/apache/httpcomponents/client5/httpclient5/5.4.2/httpclient5-5.4.2.jar:/home/swebot/.m2/repository/org/apache/httpcomponents/core5/httpcore5/5.3.3/httpcore5-5.3.3.jar:/home/swebot/.m2/repository/org/apache/httpcomponents/core5/httpcore5-h2/5.3.3/httpcore5-h2-5.3.3.jar:/home/swebot/.m2/repository/org/springframework/boot/spring-boot-starter-aop/3.4.4/spring-boot-starter-aop-3.4.4.jar:/home/swebot/.m2/repository/org/springframework/boot/spring-boot-starter/3.4.4/spring-boot-starter-3.4.4.jar:/home/swebot/.m2/repository/org/springframework/boot/spring-boot/3.4.4/spring-boot-3.4.4.jar:/home/swebot/.m2/repository/org/springframework/boot/spring-boot-starter-logging/3.4.4/spring-boot-starter-logging-3.4.4.jar:/home/swebot/.m2/repository/org/apache/logging/log4j/log4j-to-slf4j/2.24.3/log4j-to-slf4j-2.24.3.jar:/home/swebot/.m2/repository/org/apache/logging/log4j/log4j-api/2.24.3/log4j-api-2.24.3.jar:/home/swebot/.m2/repository/org/slf4j/jul-to-slf4j/2.0.17/jul-to-slf4j-2.0.17.jar:/home/swebot/.m2/repository/jakarta/annotation/jakarta.annotation-api/2.1.1/jakarta.annotation-api-2.1.1.jar:/home/swebot/.m2/repository/org/yaml/snakeyaml/2.3/snakeyaml-2.3.jar:/home/swebot/.m2/repository/org/springframework/spring-aop/6.2.5/spring-aop-6.2.5.jar:/home/swebot/.m2/repository/org/aspectj/aspectjrt/1.9.23/aspectjrt-1.9.23.jar:/home/swebot/.m2/repository/org/aspectj/aspectjweaver/1.9.23/aspectjweaver-1.9.23.jar:/home/swebot/.m2/repository/org/springframework/boot/spring-boot-configuration-processor/3.4.4/spring-boot-configuration-processor-3.4.4.jar:/home/swebot/.m2/repository/org/springframework/boot/spring-boot-starter-webflux/3.4.4/spring-boot-starter-webflux-3.4.4.jar:/home/swebot/.m2/repository/org/springframework/boot/spring-boot-starter-json/3.4.4/spring-boot-starter-json-3.4.4.jar:/home/swebot/.m2/repository/com/fasterxml/jackson/datatype/jackson-datatype-jdk8/2.18.3/jackson-datatype-jdk8-2.18.3.jar:/home/swebot/.m2/repository/com/fasterxml/jackson/module/jackson-module-parameter-names/2.18.3/jackson-module-parameter-names-2.18.3.jar:/home/swebot/.m2/repository/org/springframework/boot/spring-boot-starter-reactor-netty/3.4.4/spring-boot-starter-reactor-netty-3.4.4.jar:/home/swebot/.m2/repository/io/projectreactor/netty/reactor-netty-http/1.2.4/reactor-netty-http-1.2.4.jar:/home/swebot/.m2/repository/io/netty/netty-codec-http/4.1.119.Final/netty-codec-http-4.1.119.Final.jar:/home/swebot/.m2/repository/io/netty/netty-codec-http2/4.1.119.Final/netty-codec-http2-4.1.119.Final.jar:/home/swebot/.m2/repository/org/springframework/spring-web/6.2.5/spring-web-6.2.5.jar:/home/swebot/.m2/repository/org/springframework/spring-webflux/6.2.5/spring-webflux-6.2.5.jar:/home/swebot/.m2/repository/org/springframework/boot/spring-boot-starter-data-r2dbc/3.4.4/spring-boot-starter-data-r2dbc-3.4.4.jar:/home/swebot/.m2/repository/org/springframework/data/spring-data-r2dbc/3.4.4/spring-data-r2dbc-3.4.4.jar:/home/swebot/.m2/repository/org/springframework/data/spring-data-relational/3.4.4/spring-data-relational-3.4.4.jar:/home/swebot/.m2/repository/org/springframework/data/spring-data-commons/3.4.4/spring-data-commons-3.4.4.jar:/home/swebot/.m2/repository/org/springframework/spring-tx/6.2.5/spring-tx-6.2.5.jar:/home/swebot/.m2/repository/org/springframework/spring-context/6.2.5/spring-context-6.2.5.jar:/home/swebot/.m2/repository/org/springframework/spring-jdbc/6.2.5/spring-jdbc-6.2.5.jar:/home/swebot/.m2/repository/org/springframework/spring-r2dbc/6.2.5/spring-r2dbc-6.2.5.jar:/home/swebot/.m2/repository/io/r2dbc/r2dbc-spi/1.0.0.RELEASE/r2dbc-spi-1.0.0.RELEASE.jar:/home/swebot/.m2/repository/io/r2dbc/r2dbc-pool/1.0.2.RELEASE/r2dbc-pool-1.0.2.RELEASE.jar:/home/swebot/.m2/repository/io/projectreactor/addons/reactor-pool/1.1.2/reactor-pool-1.1.2.jar:/home/swebot/.m2/repository/org/springframework/boot/spring-boot-starter-data-redis-reactive/3.4.4/spring-boot-starter-data-redis-reactive-3.4.4.jar:/home/swebot/.m2/repository/io/lettuce/lettuce-core/6.4.2.RELEASE/lettuce-core-6.4.2.RELEASE.jar:/home/swebot/.m2/repository/io/netty/netty-common/4.1.119.Final/netty-common-4.1.119.Final.jar:/home/swebot/.m2/repository/io/netty/netty-handler/4.1.119.Final/netty-handler-4.1.119.Final.jar:/home/swebot/.m2/repository/io/netty/netty-resolver/4.1.119.Final/netty-resolver-4.1.119.Final.jar:/home/swebot/.m2/repository/io/netty/netty-buffer/4.1.119.Final/netty-buffer-4.1.119.Final.jar:/home/swebot/.m2/repository/io/netty/netty-transport-native-unix-common/4.1.119.Final/netty-transport-native-unix-common-4.1.119.Final.jar:/home/swebot/.m2/repository/io/netty/netty-codec/4.1.119.Final/netty-codec-4.1.119.Final.jar:/home/swebot/.m2/repository/io/netty/netty-transport/4.1.119.Final/netty-transport-4.1.119.Final.jar:/home/swebot/.m2/repository/org/springframework/data/spring-data-redis/3.4.4/spring-data-redis-3.4.4.jar:/home/swebot/.m2/repository/org/springframework/data/spring-data-keyvalue/3.4.4/spring-data-keyvalue-3.4.4.jar:/home/swebot/.m2/repository/org/springframework/spring-oxm/6.2.5/spring-oxm-6.2.5.jar:/home/swebot/.m2/repository/org/springframework/spring-context-support/6.2.5/spring-context-support-6.2.5.jar:/home/swebot/.m2/repository/org/springframework/boot/spring-boot-starter-actuator/3.4.4/spring-boot-starter-actuator-3.4.4.jar:/home/swebot/.m2/repository/org/springframework/boot/spring-boot-actuator-autoconfigure/3.4.4/spring-boot-actuator-autoconfigure-3.4.4.jar:/home/swebot/.m2/repository/org/springframework/boot/spring-boot-actuator/3.4.4/spring-boot-actuator-3.4.4.jar:/home/swebot/.m2/repository/io/micrometer/micrometer-observation/1.14.5/micrometer-observation-1.14.5.jar:/home/swebot/.m2/repository/io/micrometer/micrometer-jakarta9/1.14.5/micrometer-jakarta9-1.14.5.jar:/home/swebot/.m2/repository/org/springframework/boot/spring-boot-starter-validation/3.4.4/spring-boot-starter-validation-3.4.4.jar:/home/swebot/.m2/repository/org/apache/tomcat/embed/tomcat-embed-el/10.1.39/tomcat-embed-el-10.1.39.jar:/home/swebot/.m2/repository/org/hibernate/validator/hibernate-validator/8.0.2.Final/hibernate-validator-8.0.2.Final.jar:/home/swebot/.m2/repository/jakarta/validation/jakarta.validation-api/3.0.2/jakarta.validation-api-3.0.2.jar:/home/swebot/.m2/repository/org/jboss/logging/jboss-logging/3.6.1.Final/jboss-logging-3.6.1.Final.jar:/home/swebot/.m2/repository/com/fasterxml/classmate/1.7.0/classmate-1.7.0.jar:/home/swebot/.m2/repository/org/springframework/boot/spring-boot-starter-security/3.4.4/spring-boot-starter-security-3.4.4.jar:/home/swebot/.m2/repository/org/springframework/security/spring-security-config/6.4.4/spring-security-config-6.4.4.jar:/home/swebot/.m2/repository/org/springframework/security/spring-security-core/6.4.4/spring-security-core-6.4.4.jar:/home/swebot/.m2/repository/org/springframework/security/spring-security-web/6.4.4/spring-security-web-6.4.4.jar:/home/swebot/.m2/repository/org/springframework/spring-expression/6.2.5/spring-expression-6.2.5.jar:/home/swebot/.m2/repository/org/owasp/encoder/encoder/1.3.1/encoder-1.3.1.jar:/home/swebot/.m2/repository/io/r2dbc/r2dbc-h2/1.0.0.RELEASE/r2dbc-h2-1.0.0.RELEASE.jar:/home/swebot/.m2/repository/com/h2database/h2/2.3.232/h2-2.3.232.jar:/home/swebot/.m2/repository/org/springframework/spring-messaging/6.2.5/spring-messaging-6.2.5.jar:/home/swebot/.m2/repository/org/springframework/spring-beans/6.2.5/spring-beans-6.2.5.jar:/home/swebot/.m2/repository/org/springframework/spring-core/6.2.5/spring-core-6.2.5.jar:/home/swebot/.m2/repository/org/springframework/spring-jcl/6.2.5/spring-jcl-6.2.5.jar:/home/swebot/.m2/repository/io/asyncer/r2dbc-mysql/1.4.1/r2dbc-mysql-1.4.1.jar:/home/swebot/.m2/repository/io/projectreactor/netty/reactor-netty-core/1.2.4/reactor-netty-core-1.2.4.jar:/home/swebot/.m2/repository/io/netty/netty-handler-proxy/4.1.119.Final/netty-handler-proxy-4.1.119.Final.jar:/home/swebot/.m2/repository/io/netty/netty-codec-socks/4.1.119.Final/netty-codec-socks-4.1.119.Final.jar:/home/swebot/.m2/repository/io/netty/netty-resolver-dns/4.1.119.Final/netty-resolver-dns-4.1.119.Final.jar:/home/swebot/.m2/repository/io/netty/netty-codec-dns/4.1.119.Final/netty-codec-dns-4.1.119.Final.jar:/home/swebot/.m2/repository/io/netty/netty-resolver-dns-native-macos/4.1.119.Final/netty-resolver-dns-native-macos-4.1.119.Final-osx-x86_64.jar:/home/swebot/.m2/repository/io/netty/netty-resolver-dns-classes-macos/4.1.119.Final/netty-resolver-dns-classes-macos-4.1.119.Final.jar:/home/swebot/.m2/repository/io/netty/netty-transport-native-epoll/4.1.119.Final/netty-transport-native-epoll-4.1.119.Final-linux-x86_64.jar:/home/swebot/.m2/repository/io/netty/netty-transport-classes-epoll/4.1.119.Final/netty-transport-classes-epoll-4.1.119.Final.jar:/home/swebot/.m2/repository/com/mysql/mysql-connector-j/9.1.0/mysql-connector-j-9.1.0.jar:/home/swebot/.m2/repository/io/github/resilience4j/resilience4j-spring-boot3/2.2.0/resilience4j-spring-boot3-2.2.0.jar:/home/swebot/.m2/repository/io/github/resilience4j/resilience4j-spring6/2.2.0/resilience4j-spring6-2.2.0.jar:/home/swebot/.m2/repository/io/github/resilience4j/resilience4j-annotations/2.2.0/resilience4j-annotations-2.2.0.jar:/home/swebot/.m2/repository/io/github/resilience4j/resilience4j-consumer/2.2.0/resilience4j-consumer-2.2.0.jar:/home/swebot/.m2/repository/io/github/resilience4j/resilience4j-circularbuffer/2.2.0/resilience4j-circularbuffer-2.2.0.jar:/home/swebot/.m2/repository/io/github/resilience4j/resilience4j-framework-common/2.2.0/resilience4j-framework-common-2.2.0.jar:/home/swebot/.m2/repository/io/github/resilience4j/resilience4j-micrometer/2.2.0/resilience4j-micrometer-2.2.0.jar:/home/swebot/.m2/repository/io/github/resilience4j/resilience4j-circuitbreaker/2.2.0/resilience4j-circuitbreaker-2.2.0.jar:/home/swebot/.m2/repository/io/github/resilience4j/resilience4j-core/2.2.0/resilience4j-core-2.2.0.jar:/home/swebot/.m2/repository/io/github/resilience4j/resilience4j-reactor/2.2.0/resilience4j-reactor-2.2.0.jar:/home/swebot/.m2/repository/io/github/resilience4j/resilience4j-ratelimiter/2.2.0/resilience4j-ratelimiter-2.2.0.jar:/home/swebot/.m2/repository/io/github/resilience4j/resilience4j-timelimiter/2.2.0/resilience4j-timelimiter-2.2.0.jar:/home/swebot/.m2/repository/io/github/resilience4j/resilience4j-bulkhead/2.2.0/resilience4j-bulkhead-2.2.0.jar:/home/swebot/.m2/repository/io/github/resilience4j/resilience4j-retry/2.2.0/resilience4j-retry-2.2.0.jar:/home/swebot/.m2/repository/io/micrometer/micrometer-core/1.15.0/micrometer-core-1.15.0.jar:/home/swebot/.m2/repository/io/micrometer/micrometer-commons/1.14.5/micrometer-commons-1.14.5.jar:/home/swebot/.m2/repository/org/hdrhistogram/HdrHistogram/2.2.2/HdrHistogram-2.2.2.jar:/home/swebot/.m2/repository/org/latencyutils/LatencyUtils/2.0.3/LatencyUtils-2.0.3.jar:/home/swebot/.m2/repository/io/micrometer/micrometer-tracing/1.5.0/micrometer-tracing-1.5.0.jar:/home/swebot/.m2/repository/io/micrometer/context-propagation/1.1.2/context-propagation-1.1.2.jar:/home/swebot/.m2/repository/aopalliance/aopalliance/1.0/aopalliance-1.0.jar:/home/swebot/.m2/repository/io/projectreactor/reactor-core/3.6.10/reactor-core-3.6.10.jar:/home/swebot/.m2/repository/org/reactivestreams/reactive-streams/1.0.4/reactive-streams-1.0.4.jar:/home/swebot/.m2/repository/io/micrometer/micrometer-registry-prometheus/1.12.4/micrometer-registry-prometheus-1.12.4.jar:/home/swebot/.m2/repository/io/prometheus/simpleclient_common/0.16.0/simpleclient_common-0.16.0.jar:/home/swebot/.m2/repository/io/prometheus/simpleclient/0.16.0/simpleclient-0.16.0.jar:/home/swebot/.m2/repository/io/prometheus/simpleclient_tracer_otel/0.16.0/simpleclient_tracer_otel-0.16.0.jar:/home/swebot/.m2/repository/io/prometheus/simpleclient_tracer_common/0.16.0/simpleclient_tracer_common-0.16.0.jar:/home/swebot/.m2/repository/io/prometheus/simpleclient_tracer_otel_agent/0.16.0/simpleclient_tracer_otel_agent-0.16.0.jar:/home/swebot/.m2/repository/com/fasterxml/jackson/core/jackson-databind/2.18.0/jackson-databind-2.18.0.jar:/home/swebot/.m2/repository/com/fasterxml/jackson/core/jackson-annotations/2.18.3/jackson-annotations-2.18.3.jar:/home/swebot/.m2/repository/com/fasterxml/jackson/core/jackson-core/2.18.3/jackson-core-2.18.3.jar:/home/swebot/.m2/repository/com/fasterxml/jackson/datatype/jackson-datatype-jsr310/2.18.0/jackson-datatype-jsr310-2.18.0.jar:/home/swebot/.m2/repository/org/slf4j/slf4j-api/2.0.17/slf4j-api-2.0.17.jar:/home/swebot/.m2/repository/ch/qos/logback/logback-classic/1.5.13/logback-classic-1.5.13.jar:/home/swebot/.m2/repository/ch/qos/logback/logback-core/1.5.13/logback-core-1.5.13.jar:/home/swebot/.m2/repository/org/projectlombok/lombok/1.18.34/lombok-1.18.34.jar:/home/swebot/.m2/repository/org/springframework/boot/spring-boot-starter-test/3.4.4/spring-boot-starter-test-3.4.4.jar:/home/swebot/.m2/repository/org/springframework/boot/spring-boot-test/3.4.4/spring-boot-test-3.4.4.jar:/home/swebot/.m2/repository/org/springframework/boot/spring-boot-test-autoconfigure/3.4.4/spring-boot-test-autoconfigure-3.4.4.jar:/home/swebot/.m2/repository/com/jayway/jsonpath/json-path/2.9.0/json-path-2.9.0.jar:/home/swebot/.m2/repository/jakarta/xml/bind/jakarta.xml.bind-api/4.0.2/jakarta.xml.bind-api-4.0.2.jar:/home/swebot/.m2/repository/jakarta/activation/jakarta.activation-api/2.1.3/jakarta.activation-api-2.1.3.jar:/home/swebot/.m2/repository/net/minidev/json-smart/2.5.2/json-smart-2.5.2.jar:/home/swebot/.m2/repository/net/minidev/accessors-smart/2.5.2/accessors-smart-2.5.2.jar:/home/swebot/.m2/repository/org/ow2/asm/asm/9.7.1/asm-9.7.1.jar:/home/swebot/.m2/repository/org/assertj/assertj-core/3.26.3/assertj-core-3.26.3.jar:/home/swebot/.m2/repository/org/awaitility/awaitility/4.2.2/awaitility-4.2.2.jar:/home/swebot/.m2/repository/org/hamcrest/hamcrest/2.2/hamcrest-2.2.jar:/home/swebot/.m2/repository/org/junit/jupiter/junit-jupiter/5.11.4/junit-jupiter-5.11.4.jar:/home/swebot/.m2/repository/org/junit/jupiter/junit-jupiter-params/5.11.4/junit-jupiter-params-5.11.4.jar:/home/swebot/.m2/repository/org/junit/jupiter/junit-jupiter-engine/5.11.4/junit-jupiter-engine-5.11.4.jar:/home/swebot/.m2/repository/org/junit/platform/junit-platform-engine/1.11.4/junit-platform-engine-1.11.4.jar:/home/swebot/.m2/repository/org/skyscreamer/jsonassert/1.5.3/jsonassert-1.5.3.jar:/home/swebot/.m2/repository/com/vaadin/external/google/android-json/0.0.20131108.vaadin1/android-json-0.0.20131108.vaadin1.jar:/home/swebot/.m2/repository/org/springframework/spring-test/6.2.5/spring-test-6.2.5.jar:/home/swebot/.m2/repository/org/xmlunit/xmlunit-core/2.10.0/xmlunit-core-2.10.0.jar:/home/swebot/.m2/repository/io/projectreactor/reactor-test/3.6.10/reactor-test-3.6.10.jar:/home/swebot/.m2/repository/org/testcontainers/testcontainers/1.21.0/testcontainers-1.21.0.jar:/home/swebot/.m2/repository/junit/junit/4.13.2/junit-4.13.2.jar:/home/swebot/.m2/repository/org/hamcrest/hamcrest-core/2.2/hamcrest-core-2.2.jar:/home/swebot/.m2/repository/org/apache/commons/commons-compress/1.24.0/commons-compress-1.24.0.jar:/home/swebot/.m2/repository/org/rnorth/duct-tape/duct-tape/1.0.8/duct-tape-1.0.8.jar:/home/swebot/.m2/repository/org/jetbrains/annotations/17.0.0/annotations-17.0.0.jar:/home/swebot/.m2/repository/com/github/docker-java/docker-java-api/3.4.2/docker-java-api-3.4.2.jar:/home/swebot/.m2/repository/com/github/docker-java/docker-java-transport-zerodep/3.4.2/docker-java-transport-zerodep-3.4.2.jar:/home/swebot/.m2/repository/com/github/docker-java/docker-java-transport/3.4.2/docker-java-transport-3.4.2.jar:/home/swebot/.m2/repository/net/java/dev/jna/jna/5.13.0/jna-5.13.0.jar:/home/swebot/.m2/repository/org/testcontainers/mysql/1.21.0/mysql-1.21.0.jar:/home/swebot/.m2/repository/org/testcontainers/jdbc/1.20.6/jdbc-1.20.6.jar:/home/swebot/.m2/repository/org/testcontainers/database-commons/1.20.6/database-commons-1.20.6.jar:/home/swebot/.m2/repository/com/redis/testcontainers-redis/2.2.3/testcontainers-redis-2.2.3.jar:/home/swebot/.m2/repository/com/redis/testcontainers-redis-common/2.2.3/testcontainers-redis-common-2.2.3.jar:/home/swebot/.m2/repository/com/github/kstyrc/embedded-redis/0.6/embedded-redis-0.6.jar:/home/swebot/.m2/repository/com/google/guava/guava/18.0/guava-18.0.jar:/home/swebot/.m2/repository/commons-io/commons-io/2.4/commons-io-2.4.jar:/home/swebot/.m2/repository/org/testcontainers/junit-jupiter/1.21.0/junit-jupiter-1.21.0.jar:/home/swebot/.m2/repository/org/mockito/mockito-core/5.14.1/mockito-core-5.14.1.jar:/home/swebot/.m2/repository/net/bytebuddy/byte-buddy/1.15.11/byte-buddy-1.15.11.jar:/home/swebot/.m2/repository/net/bytebuddy/byte-buddy-agent/1.15.11/byte-buddy-agent-1.15.11.jar:/home/swebot/.m2/repository/org/objenesis/objenesis/3.3/objenesis-3.3.jar:/home/swebot/.m2/repository/org/mockito/mockito-junit-jupiter/5.14.1/mockito-junit-jupiter-5.14.1.jar:/home/swebot/.m2/repository/org/junit/jupiter/junit-jupiter-api/5.11.4/junit-jupiter-api-5.11.4.jar:/home/swebot/.m2/repository/org/opentest4j/opentest4j/1.3.0/opentest4j-1.3.0.jar:/home/swebot/.m2/repository/org/junit/platform/junit-platform-commons/1.11.4/junit-platform-commons-1.11.4.jar:/home/swebot/.m2/repository/org/apiguardian/apiguardian-api/1.1.2/apiguardian-api-1.1.2.jar:/home/swebot/.m2/repository/org/codehaus/janino/janino/3.1.12/janino-3.1.12.jar:/home/swebot/.m2/repository/org/codehaus/janino/commons-compiler/3.1.12/commons-compiler-3.1.12.jar:"/>
    <property name="sun.cpu.endian" value="little"/>
    <property name="user.home" value="/home/swebot"/>
    <property name="user.language" value="en"/>
    <property name="java.specification.vendor" value="Oracle Corporation"/>
    <property name="java.version.date" value="2025-04-15"/>
    <property name="java.home" value="/usr/lib/jvm/java-21-openjdk-amd64"/>
    <property name="file.separator" value="/"/>
    <property name="basedir" value="/app/order-service"/>
    <property name="java.vm.compressedOopsMode" value="32-bit"/>
    <property name="line.separator" value="&#10;"/>
    <property name="java.vm.specification.vendor" value="Oracle Corporation"/>
    <property name="java.specification.name" value="Java Platform API Specification"/>
    <property name="FILE_LOG_CHARSET" value="UTF-8"/>
    <property name="java.awt.headless" value="true"/>
    <property name="logback.configurationFile" value="logback-test.xml"/>
    <property name="surefire.real.class.path" value="/app/order-service/target/surefire/surefirebooter-20250602074116356_3.jar"/>
    <property name="sun.management.compiler" value="HotSpot 64-Bit Tiered Compilers"/>
    <property name="java.runtime.version" value="21.0.7+6-Ubuntu-0ubuntu124.04"/>
    <property name="LOG_CORRELATION_PATTERN" value="%correlationId"/>
    <property name="user.name" value="jules"/>
    <property name="stdout.encoding" value="UTF-8"/>
    <property name="path.separator" value=":"/>
    <property name="os.version" value="6.8.0"/>
    <property name="java.runtime.name" value="OpenJDK Runtime Environment"/>
    <property name="file.encoding" value="UTF-8"/>
    <property name="jnidispatch.path" value="/home/swebot/.cache/JNA/temp/jna12167649247927202127.tmp"/>
    <property name="java.vm.name" value="OpenJDK 64-Bit Server VM"/>
    <property name="jna.platform.library.path" value="/usr/lib/x86_64-linux-gnu:/lib/x86_64-linux-gnu:/usr/lib64:/lib64:/usr/lib:/lib:/usr/lib/x86_64-linux-gnu/libfakeroot"/>
    <property name="localRepository" value="/home/swebot/.m2/repository"/>
    <property name="jna.loaded" value="true"/>
    <property name="java.vendor.url.bug" value="https://bugs.launchpad.net/ubuntu/+source/openjdk-21"/>
    <property name="java.io.tmpdir" value="/tmp"/>
    <property name="java.version" value="21.0.7"/>
    <property name="user.dir" value="/app/order-service"/>
    <property name="os.arch" value="amd64"/>
    <property name="java.vm.specification.name" value="Java Virtual Machine Specification"/>
    <property name="PID" value="9337"/>
    <property name="CONSOLE_LOG_CHARSET" value="UTF-8"/>
    <property name="native.encoding" value="UTF-8"/>
    <property name="java.library.path" value="/usr/java/packages/lib:/usr/lib/x86_64-linux-gnu/jni:/lib/x86_64-linux-gnu:/usr/lib/x86_64-linux-gnu:/usr/lib/jni:/lib:/usr/lib"/>
    <property name="java.vm.info" value="mixed mode"/>
    <property name="stderr.encoding" value="UTF-8"/>
    <property name="java.vendor" value="Ubuntu"/>
    <property name="java.vm.version" value="21.0.7+6-Ubuntu-0ubuntu124.04"/>
    <property name="sun.io.unicode.encoding" value="UnicodeLittle"/>
    <property name="java.class.version" value="65.0"/>
  </properties>
  <testcase name="" classname="com.example.order.repository.CompositeEventRepositorySimpleIntegrationTest" time="0.482">
    <error message="Could not find a valid Docker environment. Please see logs and check configuration" type="java.lang.IllegalStateException"><![CDATA[java.lang.IllegalStateException: Could not find a valid Docker environment. Please see logs and check configuration
	at org.testcontainers.dockerclient.DockerClientProviderStrategy.lambda$getFirstValidStrategy$7(DockerClientProviderStrategy.java:274)
	at java.base/java.util.Optional.orElseThrow(Optional.java:403)
	at org.testcontainers.dockerclient.DockerClientProviderStrategy.getFirstValidStrategy(DockerClientProviderStrategy.java:265)
	at org.testcontainers.DockerClientFactory.getOrInitializeStrategy(DockerClientFactory.java:154)
	at org.testcontainers.DockerClientFactory.client(DockerClientFactory.java:196)
	at org.testcontainers.DockerClientFactory$1.getDockerClient(DockerClientFactory.java:108)
	at com.github.dockerjava.api.DockerClientDelegate.authConfig(DockerClientDelegate.java:109)
	at org.testcontainers.containers.GenericContainer.start(GenericContainer.java:321)
	at org.testcontainers.junit.jupiter.TestcontainersExtension$StoreAdapter.start(TestcontainersExtension.java:276)
	at org.testcontainers.junit.jupiter.TestcontainersExtension$StoreAdapter.access$200(TestcontainersExtension.java:263)
	at org.testcontainers.junit.jupiter.TestcontainersExtension.lambda$startContainers$4(TestcontainersExtension.java:83)
	at org.testcontainers.junit.jupiter.TestcontainersExtension.lambda$startContainers$5(TestcontainersExtension.java:83)
	at java.base/java.util.ArrayList.forEach(ArrayList.java:1596)
	at org.testcontainers.junit.jupiter.TestcontainersExtension.startContainers(TestcontainersExtension.java:83)
	at org.testcontainers.junit.jupiter.TestcontainersExtension.beforeAll(TestcontainersExtension.java:57)
	at java.base/java.util.ArrayList.forEach(ArrayList.java:1596)
]]></error>
    <system-out><![CDATA[07:41:28.391 [main] &amp#27;[34mINFO &amp#27;[0;39m o.testcontainers.images.PullPolicy - Image pull policy will be performed by: DefaultPullPolicy()
07:41:28.399 [main] &amp#27;[34mINFO &amp#27;[0;39m o.t.utility.ImageNameSubstitutor - Image name substitution will be performed by: DefaultImageNameSubstitutor (composite of 'ConfigurationFileImageNameSubstitutor' and 'PrefixingImageNameSubstitutor')
07:41:28.428 [main] &amp#27;[34mINFO &amp#27;[0;39m o.testcontainers.DockerClientFactory - Testcontainers version: 1.21.0
07:41:28.788 [main] &amp#27;[31mWARN &amp#27;[0;39m o.t.d.DockerClientProviderStrategy - DOCKER_HOST unix:///var/run/docker.sock is not listening
java.net.BindException: Permission denied
	at java.base/sun.nio.ch.UnixDomainSockets.connect0(Native Method)
	at java.base/sun.nio.ch.UnixDomainSockets.connect(UnixDomainSockets.java:154)
	at java.base/sun.nio.ch.UnixDomainSockets.connect(UnixDomainSockets.java:150)
	at java.base/sun.nio.ch.SocketChannelImpl.connect(SocketChannelImpl.java:878)
	at java.base/java.nio.channels.SocketChannel.open(SocketChannel.java:285)
	at com.github.dockerjava.transport.UnixSocket.<init>(UnixSocket.java:45)
	at com.github.dockerjava.transport.UnixSocket.get(UnixSocket.java:27)
	at org.testcontainers.dockerclient.DockerClientProviderStrategy.lambda$test$2(DockerClientProviderStrategy.java:194)
	at org.testcontainers.dockerclient.DockerClientProviderStrategy.test(DockerClientProviderStrategy.java:208)
	at org.testcontainers.dockerclient.DockerClientProviderStrategy.tryOutStrategy(DockerClientProviderStrategy.java:284)
	at org.testcontainers.dockerclient.DockerClientProviderStrategy.lambda$getFirstValidStrategy$5(DockerClientProviderStrategy.java:263)
	at java.base/java.util.stream.ReferencePipeline$2$1.accept(ReferencePipeline.java:178)
	at java.base/java.util.stream.ReferencePipeline$2$1.accept(ReferencePipeline.java:179)
	at java.base/java.util.stream.ReferencePipeline$2$1.accept(ReferencePipeline.java:179)
	at java.base/java.util.ArrayList$ArrayListSpliterator.tryAdvance(ArrayList.java:1685)
	at java.base/java.util.stream.ReferencePipeline.forEachWithCancel(ReferencePipeline.java:129)
	at java.base/java.util.stream.AbstractPipeline.copyIntoWithCancel(AbstractPipeline.java:527)
	at java.base/java.util.stream.AbstractPipeline.copyInto(AbstractPipeline.java:513)
	at java.base/java.util.stream.AbstractPipeline.wrapAndCopyInto(AbstractPipeline.java:499)
	at java.base/java.util.stream.FindOps$FindOp.evaluateSequential(FindOps.java:150)
	at java.base/java.util.stream.AbstractPipeline.evaluate(AbstractPipeline.java:234)
	at java.base/java.util.stream.ReferencePipeline.findFirst(ReferencePipeline.java:647)
	at org.testcontainers.dockerclient.DockerClientProviderStrategy.getFirstValidStrategy(DockerClientProviderStrategy.java:264)
	at org.testcontainers.DockerClientFactory.getOrInitializeStrategy(DockerClientFactory.java:154)
	at org.testcontainers.DockerClientFactory.client(DockerClientFactory.java:196)
	at org.testcontainers.DockerClientFactory$1.getDockerClient(DockerClientFactory.java:108)
	at com.github.dockerjava.api.DockerClientDelegate.authConfig(DockerClientDelegate.java:109)
	at org.testcontainers.containers.GenericContainer.start(GenericContainer.java:321)
	at org.testcontainers.junit.jupiter.TestcontainersExtension$StoreAdapter.start(TestcontainersExtension.java:276)
	at org.testcontainers.junit.jupiter.TestcontainersExtension$StoreAdapter.access$200(TestcontainersExtension.java:263)
	at org.testcontainers.junit.jupiter.TestcontainersExtension.lambda$startContainers$4(TestcontainersExtension.java:83)
	at org.junit.platform.engine.support.store.NamespacedHierarchicalStore.lambda$getOrComputeIfAbsent$5(NamespacedHierarchicalStore.java:182)
	at org.junit.platform.engine.support.store.NamespacedHierarchicalStore$MemoizingSupplier.computeValue(NamespacedHierarchicalStore.java:422)
	at org.junit.platform.engine.support.store.NamespacedHierarchicalStore$MemoizingSupplier.get(NamespacedHierarchicalStore.java:411)
	at org.junit.platform.engine.support.store.NamespacedHierarchicalStore$StoredValue.evaluate(NamespacedHierarchicalStore.java:358)
	at org.junit.platform.engine.support.store.NamespacedHierarchicalStore$StoredValue.access$200(NamespacedHierarchicalStore.java:337)
	at org.junit.platform.engine.support.store.NamespacedHierarchicalStore.getOrComputeIfAbsent(NamespacedHierarchicalStore.java:185)
	at org.junit.jupiter.engine.execution.NamespaceAwareStore.lambda$getOrComputeIfAbsent$2(NamespaceAwareStore.java:57)
	at org.junit.jupiter.engine.execution.NamespaceAwareStore.accessStore(NamespaceAwareStore.java:90)
	at org.junit.jupiter.engine.execution.NamespaceAwareStore.getOrComputeIfAbsent(NamespaceAwareStore.java:57)
	at org.testcontainers.junit.jupiter.TestcontainersExtension.lambda$startContainers$5(TestcontainersExtension.java:83)
	at java.base/java.util.ArrayList.forEach(ArrayList.java:1596)
	at org.testcontainers.junit.jupiter.TestcontainersExtension.startContainers(TestcontainersExtension.java:83)
	at org.testcontainers.junit.jupiter.TestcontainersExtension.beforeAll(TestcontainersExtension.java:57)
	at org.junit.jupiter.engine.descriptor.ClassBasedTestDescriptor.lambda$invokeBeforeAllCallbacks$13(ClassBasedTestDescriptor.java:396)
	at org.junit.platform.engine.support.hierarchical.ThrowableCollector.execute(ThrowableCollector.java:73)
	at org.junit.jupiter.engine.descriptor.ClassBasedTestDescriptor.invokeBeforeAllCallbacks(ClassBasedTestDescriptor.java:396)
	at org.junit.jupiter.engine.descriptor.ClassBasedTestDescriptor.before(ClassBasedTestDescriptor.java:212)
	at org.junit.jupiter.engine.descriptor.ClassBasedTestDescriptor.before(ClassBasedTestDescriptor.java:85)
	at org.junit.platform.engine.support.hierarchical.NodeTestTask.lambda$executeRecursively$6(NodeTestTask.java:153)
	at org.junit.platform.engine.support.hierarchical.ThrowableCollector.execute(ThrowableCollector.java:73)
	at org.junit.platform.engine.support.hierarchical.NodeTestTask.lambda$executeRecursively$8(NodeTestTask.java:146)
	at org.junit.platform.engine.support.hierarchical.Node.around(Node.java:137)
	at org.junit.platform.engine.support.hierarchical.NodeTestTask.lambda$executeRecursively$9(NodeTestTask.java:144)
	at org.junit.platform.engine.support.hierarchical.ThrowableCollector.execute(ThrowableCollector.java:73)
	at org.junit.platform.engine.support.hierarchical.NodeTestTask.executeRecursively(NodeTestTask.java:143)
	at org.junit.platform.engine.support.hierarchical.NodeTestTask.execute(NodeTestTask.java:100)
	at java.base/java.util.ArrayList.forEach(ArrayList.java:1596)
	at org.junit.platform.engine.support.hierarchical.SameThreadHierarchicalTestExecutorService.invokeAll(SameThreadHierarchicalTestExecutorService.java:41)
	at org.junit.platform.engine.support.hierarchical.NodeTestTask.lambda$executeRecursively$6(NodeTestTask.java:160)
	at org.junit.platform.engine.support.hierarchical.ThrowableCollector.execute(ThrowableCollector.java:73)
	at org.junit.platform.engine.support.hierarchical.NodeTestTask.lambda$executeRecursively$8(NodeTestTask.java:146)
	at org.junit.platform.engine.support.hierarchical.Node.around(Node.java:137)
	at org.junit.platform.engine.support.hierarchical.NodeTestTask.lambda$executeRecursively$9(NodeTestTask.java:144)
	at org.junit.platform.engine.support.hierarchical.ThrowableCollector.execute(ThrowableCollector.java:73)
	at org.junit.platform.engine.support.hierarchical.NodeTestTask.executeRecursively(NodeTestTask.java:143)
	at org.junit.platform.engine.support.hierarchical.NodeTestTask.execute(NodeTestTask.java:100)
	at org.junit.platform.engine.support.hierarchical.SameThreadHierarchicalTestExecutorService.submit(SameThreadHierarchicalTestExecutorService.java:35)
	at org.junit.platform.engine.support.hierarchical.HierarchicalTestExecutor.execute(HierarchicalTestExecutor.java:57)
	at org.junit.platform.engine.support.hierarchical.HierarchicalTestEngine.execute(HierarchicalTestEngine.java:54)
	at org.junit.platform.launcher.core.EngineExecutionOrchestrator.execute(EngineExecutionOrchestrator.java:198)
	at org.junit.platform.launcher.core.EngineExecutionOrchestrator.execute(EngineExecutionOrchestrator.java:169)
	at org.junit.platform.launcher.core.EngineExecutionOrchestrator.execute(EngineExecutionOrchestrator.java:93)
	at org.junit.platform.launcher.core.EngineExecutionOrchestrator.lambda$execute$0(EngineExecutionOrchestrator.java:58)
	at org.junit.platform.launcher.core.EngineExecutionOrchestrator.withInterceptedStreams(EngineExecutionOrchestrator.java:141)
	at org.junit.platform.launcher.core.EngineExecutionOrchestrator.execute(EngineExecutionOrchestrator.java:57)
	at org.junit.platform.launcher.core.DefaultLauncher.execute(DefaultLauncher.java:103)
	at org.junit.platform.launcher.core.DefaultLauncher.execute(DefaultLauncher.java:85)
	at org.junit.platform.launcher.core.DelegatingLauncher.execute(DelegatingLauncher.java:47)
	at org.apache.maven.surefire.junitplatform.LazyLauncher.execute(LazyLauncher.java:56)
	at org.apache.maven.surefire.junitplatform.JUnitPlatformProvider.execute(JUnitPlatformProvider.java:184)
	at org.apache.maven.surefire.junitplatform.JUnitPlatformProvider.invokeAllTests(JUnitPlatformProvider.java:148)
	at org.apache.maven.surefire.junitplatform.JUnitPlatformProvider.invoke(JUnitPlatformProvider.java:122)
	at org.apache.maven.surefire.booter.ForkedBooter.runSuitesInProcess(ForkedBooter.java:385)
	at org.apache.maven.surefire.booter.ForkedBooter.execute(ForkedBooter.java:162)
	at org.apache.maven.surefire.booter.ForkedBooter.run(ForkedBooter.java:507)
	at org.apache.maven.surefire.booter.ForkedBooter.main(ForkedBooter.java:495)
07:41:28.797 [main] &amp#27;[34mINFO &amp#27;[0;39m o.t.d.DockerMachineClientProviderStrategy - docker-machine executable was not found on PATH ([/usr/local/sbin, /usr/local/bin, /usr/sbin, /usr/bin, /sbin, /bin, /usr/games, /usr/local/games, /snap/bin])
07:41:28.798 [main] &amp#27;[1;31mERROR&amp#27;[0;39m o.t.d.DockerClientProviderStrategy - Could not find a valid Docker environment. Please check configuration. Attempted configurations were:
	DockerDesktopClientProviderStrategy: failed with exception NullPointerException (Cannot invoke "java.nio.file.Path.toString()" because the return value of "org.testcontainers.dockerclient.DockerDesktopClientProviderStrategy.getSocketPath()" is null)As no valid configuration was found, execution cannot continue.
See https://java.testcontainers.org/on_failure.html for more details.
]]></system-out>
  </testcase>
</testsuite>